{"/home/travis/build/npmtest/node-npmtest-grunt-svgstore/test.js":{"path":"/home/travis/build/npmtest/node-npmtest-grunt-svgstore/test.js","s":{"1":2,"2":2,"3":2,"4":2,"5":2,"6":2,"7":2,"8":1,"9":2,"10":2,"11":1,"12":1,"13":1,"14":1,"15":2,"16":2,"17":2,"18":2,"19":1,"20":1,"21":2,"22":2,"23":2,"24":1,"25":1,"26":1,"27":1,"28":1,"29":1,"30":1,"31":1,"32":1,"33":1,"34":1,"35":1,"36":1,"37":1,"38":1,"39":2,"40":2,"41":1,"42":2,"43":2,"44":1,"45":2,"46":2,"47":1,"48":2,"49":2,"50":1,"51":1,"52":1,"53":1,"54":1},"b":{"1":[2,1,1,1],"2":[1,1,1,1],"3":[1,1],"4":[1,1],"5":[1,1],"6":[1,1],"7":[1,1],"8":[1,1],"9":[1,1],"10":[1,1,1],"11":[1,1],"12":[1,1],"13":[1,1],"14":[1,1],"15":[1,1],"16":[1,1],"17":[1,1]},"f":{"1":2,"2":2,"3":2,"4":2,"5":2,"6":1,"7":1,"8":1,"9":2,"10":2,"11":2,"12":2,"13":1},"fnMap":{"1":{"name":"(anonymous_1)","line":12,"loc":{"start":{"line":12,"column":1},"end":{"line":12,"column":13}}},"2":{"name":"(anonymous_2)","line":19,"loc":{"start":{"line":19,"column":5},"end":{"line":19,"column":17}}},"3":{"name":"(anonymous_3)","line":23,"loc":{"start":{"line":23,"column":24},"end":{"line":23,"column":36}}},"4":{"name":"(anonymous_4)","line":61,"loc":{"start":{"line":61,"column":5},"end":{"line":61,"column":17}}},"5":{"name":"(anonymous_5)","line":82,"loc":{"start":{"line":82,"column":5},"end":{"line":82,"column":17}}},"6":{"name":"(anonymous_6)","line":91,"loc":{"start":{"line":91,"column":77},"end":{"line":94,"column":10}}},"7":{"name":"(anonymous_7)","line":112,"loc":{"start":{"line":112,"column":83},"end":{"line":115,"column":10}},"skip":true},"8":{"name":"(anonymous_8)","line":123,"loc":{"start":{"line":123,"column":77},"end":{"line":126,"column":10}},"skip":true},"9":{"name":"(anonymous_9)","line":139,"loc":{"start":{"line":139,"column":12},"end":{"line":139,"column":40}},"skip":true},"10":{"name":"(anonymous_10)","line":147,"loc":{"start":{"line":147,"column":77},"end":{"line":150,"column":10}},"skip":true},"11":{"name":"(anonymous_11)","line":158,"loc":{"start":{"line":158,"column":83},"end":{"line":161,"column":10}},"skip":true},"12":{"name":"(anonymous_12)","line":169,"loc":{"start":{"line":169,"column":79},"end":{"line":172,"column":10}},"skip":true},"13":{"name":"(anonymous_13)","line":180,"loc":{"start":{"line":180,"column":75},"end":{"line":183,"column":10}},"skip":true}},"statementMap":{"1":{"start":{"line":12,"column":0},"end":{"line":195,"column":5}},"2":{"start":{"line":14,"column":4},"end":{"line":14,"column":14}},"3":{"start":{"line":19,"column":4},"end":{"line":56,"column":9}},"4":{"start":{"line":21,"column":8},"end":{"line":21,"column":19}},"5":{"start":{"line":23,"column":8},"end":{"line":35,"column":13}},"6":{"start":{"line":24,"column":12},"end":{"line":34,"column":13}},"7":{"start":{"line":25,"column":16},"end":{"line":28,"column":30}},"8":{"start":{"line":30,"column":16},"end":{"line":33,"column":27}},"9":{"start":{"line":37,"column":8},"end":{"line":39,"column":21}},"10":{"start":{"line":40,"column":8},"end":{"line":53,"column":9}},"11":{"start":{"line":43,"column":12},"end":{"line":46,"column":14}},"12":{"start":{"line":47,"column":12},"end":{"line":47,"column":18}},"13":{"start":{"line":50,"column":12},"end":{"line":51,"column":46}},"14":{"start":{"line":52,"column":12},"end":{"line":52,"column":18}},"15":{"start":{"line":55,"column":8},"end":{"line":55,"column":35}},"16":{"start":{"line":61,"column":4},"end":{"line":63,"column":9}},"17":{"start":{"line":62,"column":8},"end":{"line":62,"column":15}},"18":{"start":{"line":64,"column":4},"end":{"line":77,"column":5}},"19":{"start":{"line":70,"column":8},"end":{"line":70,"column":14}},"20":{"start":{"line":76,"column":8},"end":{"line":76,"column":14}},"21":{"start":{"line":82,"column":4},"end":{"line":84,"column":9}},"22":{"start":{"line":83,"column":8},"end":{"line":83,"column":15}},"23":{"start":{"line":85,"column":4},"end":{"line":194,"column":5}},"24":{"start":{"line":91,"column":8},"end":{"line":99,"column":10}},"25":{"start":{"line":98,"column":12},"end":{"line":98,"column":35}},"26":{"start":{"line":102,"column":8},"end":{"line":104,"column":63}},"27":{"start":{"line":105,"column":8},"end":{"line":105,"column":14}},"28":{"start":{"line":112,"column":8},"end":{"line":121,"column":10},"skip":true},"29":{"start":{"line":119,"column":12},"end":{"line":119,"column":55},"skip":true},"30":{"start":{"line":120,"column":12},"end":{"line":120,"column":48},"skip":true},"31":{"start":{"line":123,"column":8},"end":{"line":136,"column":10},"skip":true},"32":{"start":{"line":130,"column":12},"end":{"line":130,"column":76},"skip":true},"33":{"start":{"line":131,"column":12},"end":{"line":131,"column":73},"skip":true},"34":{"start":{"line":132,"column":12},"end":{"line":132,"column":74},"skip":true},"35":{"start":{"line":133,"column":12},"end":{"line":133,"column":79},"skip":true},"36":{"start":{"line":134,"column":12},"end":{"line":134,"column":25},"skip":true},"37":{"start":{"line":135,"column":12},"end":{"line":135,"column":45},"skip":true},"38":{"start":{"line":138,"column":8},"end":{"line":145,"column":14},"skip":true},"39":{"start":{"line":143,"column":16},"end":{"line":143,"column":29},"skip":true},"40":{"start":{"line":144,"column":16},"end":{"line":144,"column":55},"skip":true},"41":{"start":{"line":147,"column":8},"end":{"line":156,"column":10},"skip":true},"42":{"start":{"line":154,"column":12},"end":{"line":154,"column":25},"skip":true},"43":{"start":{"line":155,"column":12},"end":{"line":155,"column":45},"skip":true},"44":{"start":{"line":158,"column":8},"end":{"line":167,"column":10},"skip":true},"45":{"start":{"line":165,"column":12},"end":{"line":165,"column":25},"skip":true},"46":{"start":{"line":166,"column":12},"end":{"line":166,"column":48},"skip":true},"47":{"start":{"line":169,"column":8},"end":{"line":178,"column":10},"skip":true},"48":{"start":{"line":176,"column":12},"end":{"line":176,"column":25},"skip":true},"49":{"start":{"line":177,"column":12},"end":{"line":177,"column":46},"skip":true},"50":{"start":{"line":180,"column":8},"end":{"line":189,"column":10},"skip":true},"51":{"start":{"line":187,"column":12},"end":{"line":187,"column":94},"skip":true},"52":{"start":{"line":188,"column":12},"end":{"line":188,"column":48},"skip":true},"53":{"start":{"line":192,"column":8},"end":{"line":192,"column":35},"skip":true},"54":{"start":{"line":193,"column":8},"end":{"line":193,"column":14},"skip":true}},"branchMap":{"1":{"line":25,"type":"binary-expr","locations":[{"start":{"line":25,"column":23},"end":{"line":25,"column":62}},{"start":{"line":26,"column":20},"end":{"line":26,"column":70}},{"start":{"line":27,"column":20},"end":{"line":27,"column":71}},{"start":{"line":28,"column":20},"end":{"line":28,"column":29}}]},"2":{"line":30,"type":"binary-expr","locations":[{"start":{"line":30,"column":23},"end":{"line":30,"column":37}},{"start":{"line":31,"column":20},"end":{"line":31,"column":61}},{"start":{"line":32,"column":20},"end":{"line":32,"column":70}},{"start":{"line":33,"column":20},"end":{"line":33,"column":26}}]},"3":{"line":37,"type":"cond-expr","locations":[{"start":{"line":38,"column":14},"end":{"line":38,"column":20}},{"start":{"line":39,"column":14},"end":{"line":39,"column":20}}]},"4":{"line":40,"type":"switch","locations":[{"start":{"line":42,"column":8},"end":{"line":47,"column":18}},{"start":{"line":49,"column":8},"end":{"line":52,"column":18}}]},"5":{"line":44,"type":"binary-expr","locations":[{"start":{"line":44,"column":16},"end":{"line":44,"column":44}},{"start":{"line":44,"column":48},"end":{"line":44,"column":66}}]},"6":{"line":50,"type":"binary-expr","locations":[{"start":{"line":50,"column":21},"end":{"line":50,"column":49}},{"start":{"line":50,"column":53},"end":{"line":50,"column":72}}]},"7":{"line":64,"type":"switch","locations":[{"start":{"line":69,"column":4},"end":{"line":70,"column":14}},{"start":{"line":75,"column":4},"end":{"line":76,"column":14}}]},"8":{"line":85,"type":"switch","locations":[{"start":{"line":90,"column":4},"end":{"line":105,"column":14}},{"start":{"line":111,"column":4},"end":{"line":193,"column":14},"skip":true}]},"9":{"line":91,"type":"binary-expr","locations":[{"start":{"line":91,"column":42},"end":{"line":91,"column":73}},{"start":{"line":91,"column":77},"end":{"line":99,"column":9}}]},"10":{"line":102,"type":"binary-expr","locations":[{"start":{"line":102,"column":18},"end":{"line":102,"column":32}},{"start":{"line":103,"column":12},"end":{"line":103,"column":53}},{"start":{"line":104,"column":12},"end":{"line":104,"column":61}}]},"11":{"line":112,"type":"binary-expr","locations":[{"start":{"line":112,"column":45},"end":{"line":112,"column":79},"skip":true},{"start":{"line":112,"column":83},"end":{"line":121,"column":9},"skip":true}]},"12":{"line":123,"type":"binary-expr","locations":[{"start":{"line":123,"column":42},"end":{"line":123,"column":73},"skip":true},{"start":{"line":123,"column":77},"end":{"line":136,"column":9},"skip":true}]},"13":{"line":138,"type":"binary-expr","locations":[{"start":{"line":138,"column":48},"end":{"line":138,"column":85},"skip":true},{"start":{"line":139,"column":12},"end":{"line":145,"column":13},"skip":true}]},"14":{"line":147,"type":"binary-expr","locations":[{"start":{"line":147,"column":42},"end":{"line":147,"column":73},"skip":true},{"start":{"line":147,"column":77},"end":{"line":156,"column":9},"skip":true}]},"15":{"line":158,"type":"binary-expr","locations":[{"start":{"line":158,"column":45},"end":{"line":158,"column":79},"skip":true},{"start":{"line":158,"column":83},"end":{"line":167,"column":9},"skip":true}]},"16":{"line":169,"type":"binary-expr","locations":[{"start":{"line":169,"column":43},"end":{"line":169,"column":75},"skip":true},{"start":{"line":169,"column":79},"end":{"line":178,"column":9},"skip":true}]},"17":{"line":180,"type":"binary-expr","locations":[{"start":{"line":180,"column":41},"end":{"line":180,"column":71},"skip":true},{"start":{"line":180,"column":75},"end":{"line":189,"column":9},"skip":true}]}},"code":["/* istanbul instrument in package npmtest_grunt_svgstore */","/*jslint","    bitwise: true,","    browser: true,","    maxerr: 8,","    maxlen: 96,","    node: true,","    nomen: true,","    regexp: true,","    stupid: true","*/","(function () {","    'use strict';","    var local;","","","","    // run shared js-env code - pre-init","    (function () {","        // init local","        local = {};","        // init modeJs","        local.modeJs = (function () {","            try {","                return typeof navigator.userAgent === 'string' &&","                    typeof document.querySelector('body') === 'object' &&","                    typeof XMLHttpRequest.prototype.open === 'function' &&","                    'browser';","            } catch (errorCaughtBrowser) {","                return module.exports &&","                    typeof process.versions.node === 'string' &&","                    typeof require('http').createServer === 'function' &&","                    'node';","            }","        }());","        // init global","        local.global = local.modeJs === 'browser'","            ? window","            : global;","        switch (local.modeJs) {","        // re-init local from window.local","        case 'browser':","            local = local.global.utility2.objectSetDefault(","                local.global.utility2_rollup || local.global.local,","                local.global.utility2","            );","            break;","        // re-init local from example.js","        case 'node':","            local = (local.global.utility2_rollup || require('utility2'))","                .requireExampleJsFromReadme();","            break;","        }","        // export local","        local.global.local = local;","    }());","","","","    // run shared js-env code - function","    (function () {","        return;","    }());","    switch (local.modeJs) {","","","","    // run browser js-env code - function","    case 'browser':","        break;","","","","    // run node js-env code - function","    case 'node':","        break;","    }","","","","    // run shared js-env code - post-init","    (function () {","        return;","    }());","    switch (local.modeJs) {","","","","    // run browser js-env code - post-init","    case 'browser':","        local.testCase_browser_nullCase = local.testCase_browser_nullCase || function (","            options,","            onError","        ) {","        /*","         * this function will test browsers's null-case handling-behavior-behavior","         */","            onError(null, options);","        };","","        // run tests","        local.nop(local.modeTest &&","            document.querySelector('#testRunButton1') &&","            document.querySelector('#testRunButton1').click());","        break;","","","","    // run node js-env code - post-init","    /* istanbul ignore next */","    case 'node':","        local.testCase_buildApidoc_default = local.testCase_buildApidoc_default || function (","            options,","            onError","        ) {","        /*","         * this function will test buildApidoc's default handling-behavior-behavior","         */","            options = { modulePathList: module.paths };","            local.buildApidoc(options, onError);","        };","","        local.testCase_buildApp_default = local.testCase_buildApp_default || function (","            options,","            onError","        ) {","        /*","         * this function will test buildApp's default handling-behavior-behavior","         */","            local.testCase_buildReadme_default(options, local.onErrorThrow);","            local.testCase_buildLib_default(options, local.onErrorThrow);","            local.testCase_buildTest_default(options, local.onErrorThrow);","            local.testCase_buildCustomOrg_default(options, local.onErrorThrow);","            options = [];","            local.buildApp(options, onError);","        };","","        local.testCase_buildCustomOrg_default = local.testCase_buildCustomOrg_default ||","            function (options, onError) {","            /*","             * this function will test buildCustomOrg's default handling-behavior","             */","                options = {};","                local.buildCustomOrg(options, onError);","            };","","        local.testCase_buildLib_default = local.testCase_buildLib_default || function (","            options,","            onError","        ) {","        /*","         * this function will test buildLib's default handling-behavior","         */","            options = {};","            local.buildLib(options, onError);","        };","","        local.testCase_buildReadme_default = local.testCase_buildReadme_default || function (","            options,","            onError","        ) {","        /*","         * this function will test buildReadme's default handling-behavior-behavior","         */","            options = {};","            local.buildReadme(options, onError);","        };","","        local.testCase_buildTest_default = local.testCase_buildTest_default || function (","            options,","            onError","        ) {","        /*","         * this function will test buildTest's default handling-behavior","         */","            options = {};","            local.buildTest(options, onError);","        };","","        local.testCase_webpage_default = local.testCase_webpage_default || function (","            options,","            onError","        ) {","        /*","         * this function will test webpage's default handling-behavior","         */","            options = { modeCoverageMerge: true, url: local.serverLocalHost + '?modeTest=1' };","            local.browserTest(options, onError);","        };","","        // run test-server","        local.testRunServer(local);","        break;","    }","}());",""],"l":{"12":2,"14":2,"19":2,"21":2,"23":2,"24":2,"25":2,"30":1,"37":2,"40":2,"43":1,"47":1,"50":1,"52":1,"55":2,"61":2,"62":2,"64":2,"70":1,"76":1,"82":2,"83":2,"85":2,"91":1,"98":1,"102":1,"105":1,"112":1,"119":1,"120":1,"123":1,"130":1,"131":1,"132":1,"133":1,"134":1,"135":1,"138":1,"143":2,"144":2,"147":1,"154":2,"155":2,"158":1,"165":2,"166":2,"169":1,"176":2,"177":2,"180":1,"187":1,"188":1,"192":1,"193":1}},"/home/travis/build/npmtest/node-npmtest-grunt-svgstore/lib.npmtest_grunt_svgstore.js":{"path":"/home/travis/build/npmtest/node-npmtest-grunt-svgstore/lib.npmtest_grunt_svgstore.js","s":{"1":2,"2":2,"3":2,"4":2,"5":2,"6":2,"7":2,"8":1,"9":2,"10":2,"11":2,"12":2,"13":1,"14":1,"15":1,"16":1},"b":{"1":[2,1,1,1],"2":[1,1,1,1],"3":[1,1],"4":[2,2],"5":[1,1]},"f":{"1":2,"2":2,"3":2},"fnMap":{"1":{"name":"(anonymous_1)","line":12,"loc":{"start":{"line":12,"column":1},"end":{"line":12,"column":13}}},"2":{"name":"(anonymous_2)","line":19,"loc":{"start":{"line":19,"column":5},"end":{"line":19,"column":17}}},"3":{"name":"(anonymous_3)","line":23,"loc":{"start":{"line":23,"column":24},"end":{"line":23,"column":36}}}},"statementMap":{"1":{"start":{"line":12,"column":0},"end":{"line":53,"column":5}},"2":{"start":{"line":14,"column":4},"end":{"line":14,"column":14}},"3":{"start":{"line":19,"column":4},"end":{"line":52,"column":9}},"4":{"start":{"line":21,"column":8},"end":{"line":21,"column":19}},"5":{"start":{"line":23,"column":8},"end":{"line":35,"column":13}},"6":{"start":{"line":24,"column":12},"end":{"line":34,"column":13}},"7":{"start":{"line":25,"column":16},"end":{"line":28,"column":30}},"8":{"start":{"line":30,"column":16},"end":{"line":33,"column":27}},"9":{"start":{"line":37,"column":8},"end":{"line":39,"column":21}},"10":{"start":{"line":41,"column":8},"end":{"line":41,"column":54}},"11":{"start":{"line":43,"column":8},"end":{"line":43,"column":59}},"12":{"start":{"line":45,"column":8},"end":{"line":51,"column":9}},"13":{"start":{"line":46,"column":12},"end":{"line":46,"column":65}},"14":{"start":{"line":48,"column":12},"end":{"line":48,"column":35}},"15":{"start":{"line":49,"column":12},"end":{"line":49,"column":49}},"16":{"start":{"line":50,"column":12},"end":{"line":50,"column":43}}},"branchMap":{"1":{"line":25,"type":"binary-expr","locations":[{"start":{"line":25,"column":23},"end":{"line":25,"column":62}},{"start":{"line":26,"column":20},"end":{"line":26,"column":70}},{"start":{"line":27,"column":20},"end":{"line":27,"column":71}},{"start":{"line":28,"column":20},"end":{"line":28,"column":29}}]},"2":{"line":30,"type":"binary-expr","locations":[{"start":{"line":30,"column":23},"end":{"line":30,"column":37}},{"start":{"line":31,"column":20},"end":{"line":31,"column":61}},{"start":{"line":32,"column":20},"end":{"line":32,"column":70}},{"start":{"line":33,"column":20},"end":{"line":33,"column":26}}]},"3":{"line":37,"type":"cond-expr","locations":[{"start":{"line":38,"column":14},"end":{"line":38,"column":20}},{"start":{"line":39,"column":14},"end":{"line":39,"column":20}}]},"4":{"line":41,"type":"binary-expr","locations":[{"start":{"line":41,"column":16},"end":{"line":41,"column":44}},{"start":{"line":41,"column":48},"end":{"line":41,"column":53}}]},"5":{"line":45,"type":"if","locations":[{"start":{"line":45,"column":8},"end":{"line":45,"column":8}},{"start":{"line":45,"column":8},"end":{"line":45,"column":8}}]}},"code":["/* istanbul instrument in package npmtest_grunt_svgstore */","/*jslint","    bitwise: true,","    browser: true,","    maxerr: 8,","    maxlen: 96,","    node: true,","    nomen: true,","    regexp: true,","    stupid: true","*/","(function () {","    'use strict';","    var local;","","","","    // run shared js-env code - pre-init","    (function () {","        // init local","        local = {};","        // init modeJs","        local.modeJs = (function () {","            try {","                return typeof navigator.userAgent === 'string' &&","                    typeof document.querySelector('body') === 'object' &&","                    typeof XMLHttpRequest.prototype.open === 'function' &&","                    'browser';","            } catch (errorCaughtBrowser) {","                return module.exports &&","                    typeof process.versions.node === 'string' &&","                    typeof require('http').createServer === 'function' &&","                    'node';","            }","        }());","        // init global","        local.global = local.modeJs === 'browser'","            ? window","            : global;","        // init utility2_rollup","        local = local.global.utility2_rollup || local;","        // init lib","        local.local = local.npmtest_grunt_svgstore = local;","        // init exports","        if (local.modeJs === 'browser') {","            local.global.utility2_npmtest_grunt_svgstore = local;","        } else {","            module.exports = local;","            module.exports.__dirname = __dirname;","            module.exports.module = module;","        }","    }());","}());",""],"l":{"12":2,"14":2,"19":2,"21":2,"23":2,"24":2,"25":2,"30":1,"37":2,"41":2,"43":2,"45":2,"46":1,"48":1,"49":1,"50":1}},"/home/travis/build/npmtest/node-npmtest-grunt-svgstore/example.js":{"path":"/home/travis/build/npmtest/node-npmtest-grunt-svgstore/example.js","s":{"1":2,"2":2,"3":2,"4":2,"5":2,"6":2,"7":2,"8":1,"9":2,"10":2,"11":2,"12":2,"13":1,"14":2,"15":2,"16":2,"17":2,"18":2,"19":0,"20":2,"21":1,"22":1,"23":1,"24":1,"25":1,"26":0,"27":0,"28":1,"29":1,"30":2,"31":0,"32":0,"33":0,"34":1,"35":2,"36":2,"37":3,"38":3,"39":3,"40":3,"41":0,"42":3,"43":3,"44":3,"45":1,"46":3,"47":1,"48":1,"49":1,"50":1,"51":1,"52":1,"53":1,"54":1,"55":1,"56":1,"57":0,"58":1,"59":6,"60":6,"61":1,"62":2,"63":0,"64":2,"65":1,"66":1,"67":0,"68":0,"69":0,"70":0,"71":0,"72":0,"73":0,"74":0,"75":0,"76":0,"77":0,"78":0,"79":0,"80":0,"81":0,"82":0,"83":0},"b":{"1":[2,1,1,1],"2":[1,1,1,1],"3":[1,1],"4":[2,2],"5":[1,1],"6":[1,1],"7":[2,0],"8":[2,1,1,1,1,1],"9":[0,2,0],"10":[1,1],"11":[2,1,1],"12":[1,0],"13":[0,2],"14":[2,0,0,0,0,0,0],"15":[0,3],"16":[3,0],"17":[1,1],"18":[0,1],"19":[1,2,0,2],"20":[1,0],"21":[1,1],"22":[0,0],"23":[0,0],"24":[0,0],"25":[0,0],"26":[0,0],"27":[0,0],"28":[0,0]},"f":{"1":2,"2":2,"3":2,"4":2,"5":2,"6":2,"7":3,"8":3,"9":3,"10":1,"11":6,"12":0},"fnMap":{"1":{"name":"(anonymous_1)","line":26,"loc":{"start":{"line":26,"column":1},"end":{"line":26,"column":13}}},"2":{"name":"(anonymous_2)","line":33,"loc":{"start":{"line":33,"column":5},"end":{"line":33,"column":17}}},"3":{"name":"(anonymous_3)","line":37,"loc":{"start":{"line":37,"column":24},"end":{"line":37,"column":36}}},"4":{"name":"(anonymous_4)","line":69,"loc":{"start":{"line":69,"column":31},"end":{"line":69,"column":48}},"skip":true},"5":{"name":"(anonymous_5)","line":78,"loc":{"start":{"line":78,"column":26},"end":{"line":78,"column":45}},"skip":true},"6":{"name":"(anonymous_6)","line":123,"loc":{"start":{"line":123,"column":33},"end":{"line":123,"column":48}},"skip":true},"7":{"name":"(anonymous_7)","line":125,"loc":{"start":{"line":125,"column":27},"end":{"line":125,"column":39}},"skip":true},"8":{"name":"(anonymous_8)","line":133,"loc":{"start":{"line":133,"column":59},"end":{"line":133,"column":74}},"skip":true},"9":{"name":"(anonymous_9)","line":143,"loc":{"start":{"line":143,"column":45},"end":{"line":143,"column":62}},"skip":true},"10":{"name":"(anonymous_10)","line":144,"loc":{"start":{"line":144,"column":73},"end":{"line":144,"column":92}},"skip":true},"11":{"name":"(anonymous_11)","line":272,"loc":{"start":{"line":272,"column":51},"end":{"line":272,"column":77}},"skip":true},"12":{"name":"(anonymous_12)","line":315,"loc":{"start":{"line":315,"column":32},"end":{"line":315,"column":61}},"skip":true}},"statementMap":{"1":{"start":{"line":26,"column":0},"end":{"line":326,"column":5}},"2":{"start":{"line":28,"column":4},"end":{"line":28,"column":14}},"3":{"start":{"line":33,"column":4},"end":{"line":60,"column":9}},"4":{"start":{"line":35,"column":8},"end":{"line":35,"column":19}},"5":{"start":{"line":37,"column":8},"end":{"line":49,"column":13}},"6":{"start":{"line":38,"column":12},"end":{"line":48,"column":13}},"7":{"start":{"line":39,"column":16},"end":{"line":42,"column":30}},"8":{"start":{"line":44,"column":16},"end":{"line":47,"column":27}},"9":{"start":{"line":51,"column":8},"end":{"line":53,"column":21}},"10":{"start":{"line":55,"column":8},"end":{"line":57,"column":45}},"11":{"start":{"line":59,"column":8},"end":{"line":59,"column":35}},"12":{"start":{"line":61,"column":4},"end":{"line":325,"column":5}},"13":{"start":{"line":69,"column":8},"end":{"line":121,"column":10},"skip":true},"14":{"start":{"line":70,"column":12},"end":{"line":88,"column":13},"skip":true},"15":{"start":{"line":76,"column":16},"end":{"line":87,"column":19},"skip":true},"16":{"start":{"line":79,"column":20},"end":{"line":86,"column":21},"skip":true},"17":{"start":{"line":82,"column":24},"end":{"line":82,"column":43},"skip":true},"18":{"start":{"line":83,"column":24},"end":{"line":83,"column":30},"skip":true},"19":{"start":{"line":85,"column":24},"end":{"line":85,"column":49},"skip":true},"20":{"start":{"line":89,"column":12},"end":{"line":107,"column":13},"skip":true},"21":{"start":{"line":92,"column":16},"end":{"line":102,"column":17},"skip":true},"22":{"start":{"line":93,"column":20},"end":{"line":93,"column":86},"skip":true},"23":{"start":{"line":94,"column":20},"end":{"line":95,"column":45},"skip":true},"24":{"start":{"line":96,"column":20},"end":{"line":96,"column":42},"skip":true},"25":{"start":{"line":97,"column":20},"end":{"line":97,"column":48},"skip":true},"26":{"start":{"line":100,"column":20},"end":{"line":100,"column":85},"skip":true},"27":{"start":{"line":101,"column":20},"end":{"line":101,"column":96},"skip":true},"28":{"start":{"line":103,"column":16},"end":{"line":103,"column":22},"skip":true},"29":{"start":{"line":106,"column":16},"end":{"line":106,"column":22},"skip":true},"30":{"start":{"line":108,"column":12},"end":{"line":120,"column":13},"skip":true},"31":{"start":{"line":114,"column":16},"end":{"line":119,"column":17},"skip":true},"32":{"start":{"line":116,"column":20},"end":{"line":116,"column":78},"skip":true},"33":{"start":{"line":118,"column":20},"end":{"line":118,"column":47},"skip":true},"34":{"start":{"line":123,"column":8},"end":{"line":141,"column":11},"skip":true},"35":{"start":{"line":124,"column":12},"end":{"line":124,"column":54},"skip":true},"36":{"start":{"line":125,"column":12},"end":{"line":140,"column":14},"skip":true},"37":{"start":{"line":126,"column":16},"end":{"line":126,"column":28},"skip":true},"38":{"start":{"line":127,"column":16},"end":{"line":127,"column":69},"skip":true},"39":{"start":{"line":128,"column":16},"end":{"line":128,"column":75},"skip":true},"40":{"start":{"line":129,"column":16},"end":{"line":131,"column":17},"skip":true},"41":{"start":{"line":130,"column":20},"end":{"line":130,"column":27},"skip":true},"42":{"start":{"line":133,"column":16},"end":{"line":137,"column":36},"skip":true},"43":{"start":{"line":134,"column":20},"end":{"line":136,"column":55},"skip":true},"44":{"start":{"line":139,"column":16},"end":{"line":139,"column":57},"skip":true},"45":{"start":{"line":143,"column":8},"end":{"line":147,"column":11},"skip":true},"46":{"start":{"line":144,"column":12},"end":{"line":146,"column":15},"skip":true},"47":{"start":{"line":145,"column":16},"end":{"line":145,"column":70},"skip":true},"48":{"start":{"line":149,"column":8},"end":{"line":149,"column":31},"skip":true},"49":{"start":{"line":150,"column":8},"end":{"line":150,"column":14},"skip":true},"50":{"start":{"line":158,"column":8},"end":{"line":158,"column":31},"skip":true},"51":{"start":{"line":160,"column":8},"end":{"line":160,"column":33},"skip":true},"52":{"start":{"line":161,"column":8},"end":{"line":161,"column":37},"skip":true},"53":{"start":{"line":162,"column":8},"end":{"line":162,"column":35},"skip":true},"54":{"start":{"line":164,"column":8},"end":{"line":164,"column":50},"skip":true},"55":{"start":{"line":166,"column":8},"end":{"line":256,"column":2},"skip":true},"56":{"start":{"line":258,"column":8},"end":{"line":286,"column":9},"skip":true},"57":{"start":{"line":259,"column":12},"end":{"line":269,"column":14},"skip":true},"58":{"start":{"line":271,"column":12},"end":{"line":285,"column":19},"skip":true},"59":{"start":{"line":274,"column":20},"end":{"line":274,"column":35},"skip":true},"60":{"start":{"line":275,"column":20},"end":{"line":284,"column":21},"skip":true},"61":{"start":{"line":277,"column":24},"end":{"line":277,"column":64},"skip":true},"62":{"start":{"line":279,"column":24},"end":{"line":279,"column":40},"skip":true},"63":{"start":{"line":281,"column":24},"end":{"line":281,"column":40},"skip":true},"64":{"start":{"line":283,"column":24},"end":{"line":283,"column":39},"skip":true},"65":{"start":{"line":288,"column":8},"end":{"line":290,"column":9},"skip":true},"66":{"start":{"line":289,"column":12},"end":{"line":289,"column":18},"skip":true},"67":{"start":{"line":291,"column":8},"end":{"line":293,"column":54},"skip":true},"68":{"start":{"line":296,"column":8},"end":{"line":301,"column":37},"skip":true},"69":{"start":{"line":303,"column":8},"end":{"line":303,"column":82},"skip":true},"70":{"start":{"line":306,"column":8},"end":{"line":308,"column":9},"skip":true},"71":{"start":{"line":307,"column":12},"end":{"line":307,"column":82},"skip":true},"72":{"start":{"line":310,"column":8},"end":{"line":312,"column":9},"skip":true},"73":{"start":{"line":311,"column":12},"end":{"line":311,"column":18},"skip":true},"74":{"start":{"line":313,"column":8},"end":{"line":313,"column":54},"skip":true},"75":{"start":{"line":314,"column":8},"end":{"line":314,"column":69},"skip":true},"76":{"start":{"line":315,"column":8},"end":{"line":323,"column":36},"skip":true},"77":{"start":{"line":316,"column":12},"end":{"line":316,"column":61},"skip":true},"78":{"start":{"line":317,"column":12},"end":{"line":320,"column":13},"skip":true},"79":{"start":{"line":318,"column":16},"end":{"line":318,"column":75},"skip":true},"80":{"start":{"line":319,"column":16},"end":{"line":319,"column":23},"skip":true},"81":{"start":{"line":321,"column":12},"end":{"line":321,"column":38},"skip":true},"82":{"start":{"line":322,"column":12},"end":{"line":322,"column":27},"skip":true},"83":{"start":{"line":324,"column":8},"end":{"line":324,"column":14},"skip":true}},"branchMap":{"1":{"line":39,"type":"binary-expr","locations":[{"start":{"line":39,"column":23},"end":{"line":39,"column":62}},{"start":{"line":40,"column":20},"end":{"line":40,"column":70}},{"start":{"line":41,"column":20},"end":{"line":41,"column":71}},{"start":{"line":42,"column":20},"end":{"line":42,"column":29}}]},"2":{"line":44,"type":"binary-expr","locations":[{"start":{"line":44,"column":23},"end":{"line":44,"column":37}},{"start":{"line":45,"column":20},"end":{"line":45,"column":61}},{"start":{"line":46,"column":20},"end":{"line":46,"column":70}},{"start":{"line":47,"column":20},"end":{"line":47,"column":26}}]},"3":{"line":51,"type":"cond-expr","locations":[{"start":{"line":52,"column":14},"end":{"line":52,"column":20}},{"start":{"line":53,"column":14},"end":{"line":53,"column":20}}]},"4":{"line":55,"type":"binary-expr","locations":[{"start":{"line":55,"column":16},"end":{"line":55,"column":44}},{"start":{"line":55,"column":49},"end":{"line":57,"column":43}}]},"5":{"line":55,"type":"cond-expr","locations":[{"start":{"line":56,"column":14},"end":{"line":56,"column":58}},{"start":{"line":57,"column":14},"end":{"line":57,"column":43}}]},"6":{"line":61,"type":"switch","locations":[{"start":{"line":68,"column":4},"end":{"line":150,"column":14},"skip":true},{"start":{"line":156,"column":4},"end":{"line":324,"column":14},"skip":true}]},"7":{"line":70,"type":"if","locations":[{"start":{"line":70,"column":12},"end":{"line":70,"column":12},"skip":true},{"start":{"line":70,"column":12},"end":{"line":70,"column":12},"skip":true}]},"8":{"line":70,"type":"binary-expr","locations":[{"start":{"line":70,"column":16},"end":{"line":70,"column":22},"skip":true},{"start":{"line":70,"column":27},"end":{"line":70,"column":32},"skip":true},{"start":{"line":71,"column":20},"end":{"line":71,"column":39},"skip":true},{"start":{"line":72,"column":20},"end":{"line":72,"column":49},"skip":true},{"start":{"line":73,"column":20},"end":{"line":73,"column":58},"skip":true},{"start":{"line":74,"column":20},"end":{"line":74,"column":69},"skip":true}]},"9":{"line":79,"type":"switch","locations":[{"start":{"line":80,"column":20},"end":{"line":80,"column":33},"skip":true},{"start":{"line":81,"column":20},"end":{"line":83,"column":30},"skip":true},{"start":{"line":84,"column":20},"end":{"line":85,"column":49},"skip":true}]},"10":{"line":89,"type":"switch","locations":[{"start":{"line":90,"column":12},"end":{"line":103,"column":22},"skip":true},{"start":{"line":105,"column":12},"end":{"line":106,"column":22},"skip":true}]},"11":{"line":89,"type":"binary-expr","locations":[{"start":{"line":89,"column":20},"end":{"line":89,"column":25},"skip":true},{"start":{"line":89,"column":29},"end":{"line":89,"column":48},"skip":true},{"start":{"line":89,"column":52},"end":{"line":89,"column":74},"skip":true}]},"12":{"line":92,"type":"if","locations":[{"start":{"line":92,"column":16},"end":{"line":92,"column":16},"skip":true},{"start":{"line":92,"column":16},"end":{"line":92,"column":16},"skip":true}]},"13":{"line":108,"type":"if","locations":[{"start":{"line":108,"column":12},"end":{"line":108,"column":12},"skip":true},{"start":{"line":108,"column":12},"end":{"line":108,"column":12},"skip":true}]},"14":{"line":108,"type":"binary-expr","locations":[{"start":{"line":108,"column":16},"end":{"line":108,"column":61},"skip":true},{"start":{"line":108,"column":66},"end":{"line":108,"column":72},"skip":true},{"start":{"line":108,"column":77},"end":{"line":108,"column":82},"skip":true},{"start":{"line":109,"column":20},"end":{"line":109,"column":39},"skip":true},{"start":{"line":110,"column":20},"end":{"line":110,"column":49},"skip":true},{"start":{"line":111,"column":20},"end":{"line":111,"column":58},"skip":true},{"start":{"line":112,"column":20},"end":{"line":112,"column":68},"skip":true}]},"15":{"line":129,"type":"if","locations":[{"start":{"line":129,"column":16},"end":{"line":129,"column":16},"skip":true},{"start":{"line":129,"column":16},"end":{"line":129,"column":16},"skip":true}]},"16":{"line":134,"type":"cond-expr","locations":[{"start":{"line":135,"column":26},"end":{"line":135,"column":29},"skip":true},{"start":{"line":136,"column":26},"end":{"line":136,"column":54},"skip":true}]},"17":{"line":164,"type":"binary-expr","locations":[{"start":{"line":164,"column":27},"end":{"line":164,"column":43},"skip":true},{"start":{"line":164,"column":47},"end":{"line":164,"column":49},"skip":true}]},"18":{"line":258,"type":"if","locations":[{"start":{"line":258,"column":8},"end":{"line":258,"column":8},"skip":true},{"start":{"line":258,"column":8},"end":{"line":258,"column":8},"skip":true}]},"19":{"line":275,"type":"switch","locations":[{"start":{"line":276,"column":20},"end":{"line":277,"column":64},"skip":true},{"start":{"line":278,"column":20},"end":{"line":279,"column":40},"skip":true},{"start":{"line":280,"column":20},"end":{"line":281,"column":40},"skip":true},{"start":{"line":282,"column":20},"end":{"line":283,"column":39},"skip":true}]},"20":{"line":288,"type":"if","locations":[{"start":{"line":288,"column":8},"end":{"line":288,"column":8},"skip":true},{"start":{"line":288,"column":8},"end":{"line":288,"column":8},"skip":true}]},"21":{"line":288,"type":"binary-expr","locations":[{"start":{"line":288,"column":12},"end":{"line":288,"column":40},"skip":true},{"start":{"line":288,"column":44},"end":{"line":288,"column":67},"skip":true}]},"22":{"line":292,"type":"binary-expr","locations":[{"start":{"line":292,"column":12},"end":{"line":292,"column":50},"skip":true},{"start":{"line":293,"column":12},"end":{"line":293,"column":53},"skip":true}]},"23":{"line":297,"type":"binary-expr","locations":[{"start":{"line":297,"column":12},"end":{"line":297,"column":72},"skip":true},{"start":{"line":298,"column":12},"end":{"line":301,"column":36},"skip":true}]},"24":{"line":303,"type":"binary-expr","locations":[{"start":{"line":303,"column":43},"end":{"line":303,"column":75},"skip":true},{"start":{"line":303,"column":79},"end":{"line":303,"column":81},"skip":true}]},"25":{"line":306,"type":"if","locations":[{"start":{"line":306,"column":8},"end":{"line":306,"column":8},"skip":true},{"start":{"line":306,"column":8},"end":{"line":306,"column":8},"skip":true}]},"26":{"line":310,"type":"if","locations":[{"start":{"line":310,"column":8},"end":{"line":310,"column":8},"skip":true},{"start":{"line":310,"column":8},"end":{"line":310,"column":8},"skip":true}]},"27":{"line":313,"type":"binary-expr","locations":[{"start":{"line":313,"column":27},"end":{"line":313,"column":43},"skip":true},{"start":{"line":313,"column":47},"end":{"line":313,"column":53},"skip":true}]},"28":{"line":317,"type":"if","locations":[{"start":{"line":317,"column":12},"end":{"line":317,"column":12},"skip":true},{"start":{"line":317,"column":12},"end":{"line":317,"column":12},"skip":true}]}},"code":["/*","example.js","","quickstart example","","instruction","    1. save this script as example.js","    2. run the shell command:","        $ npm install npmtest-grunt-svgstore && PORT=8081 node example.js","    3. play with the browser-demo on http://127.0.0.1:8081","*/","","","","/* istanbul instrument in package npmtest_grunt_svgstore */","/*jslint","    bitwise: true,","    browser: true,","    maxerr: 8,","    maxlen: 96,","    node: true,","    nomen: true,","    regexp: true,","    stupid: true","*/","(function () {","    'use strict';","    var local;","","","","    // run shared js-env code - pre-init","    (function () {","        // init local","        local = {};","        // init modeJs","        local.modeJs = (function () {","            try {","                return typeof navigator.userAgent === 'string' &&","                    typeof document.querySelector('body') === 'object' &&","                    typeof XMLHttpRequest.prototype.open === 'function' &&","                    'browser';","            } catch (errorCaughtBrowser) {","                return module.exports &&","                    typeof process.versions.node === 'string' &&","                    typeof require('http').createServer === 'function' &&","                    'node';","            }","        }());","        // init global","        local.global = local.modeJs === 'browser'","            ? window","            : global;","        // init utility2_rollup","        local = local.global.utility2_rollup || (local.modeJs === 'browser'","            ? local.global.utility2_npmtest_grunt_svgstore","            : global.utility2_moduleExports);","        // export local","        local.global.local = local;","    }());","    switch (local.modeJs) {","","","","    // post-init","    // run browser js-env code - post-init","    /* istanbul ignore next */","    case 'browser':","        local.testRunBrowser = function (event) {","            if (!event || (event &&","                    event.currentTarget &&","                    event.currentTarget.className &&","                    event.currentTarget.className.includes &&","                    event.currentTarget.className.includes('onreset'))) {","                // reset output","                Array.from(","                    document.querySelectorAll('body > .resettable')","                ).forEach(function (element) {","                    switch (element.tagName) {","                    case 'INPUT':","                    case 'TEXTAREA':","                        element.value = '';","                        break;","                    default:","                        element.textContent = '';","                    }","                });","            }","            switch (event && event.currentTarget && event.currentTarget.id) {","            case 'testRunButton1':","                // show tests","                if (document.querySelector('#testReportDiv1').style.display === 'none') {","                    document.querySelector('#testReportDiv1').style.display = 'block';","                    document.querySelector('#testRunButton1').textContent =","                        'hide internal test';","                    local.modeTest = true;","                    local.testRunDefault(local);","                // hide tests","                } else {","                    document.querySelector('#testReportDiv1').style.display = 'none';","                    document.querySelector('#testRunButton1').textContent = 'run internal test';","                }","                break;","            // custom-case","            default:","                break;","            }","            if (document.querySelector('#inputTextareaEval1') && (!event || (event &&","                    event.currentTarget &&","                    event.currentTarget.className &&","                    event.currentTarget.className.includes &&","                    event.currentTarget.className.includes('oneval')))) {","                // try to eval input-code","                try {","                    /*jslint evil: true*/","                    eval(document.querySelector('#inputTextareaEval1').value);","                } catch (errorCaught) {","                    console.error(errorCaught);","                }","            }","        };","        // log stderr and stdout to #outputTextareaStdout1","        ['error', 'log'].forEach(function (key) {","            console[key + '_original'] = console[key];","            console[key] = function () {","                var element;","                console[key + '_original'].apply(console, arguments);","                element = document.querySelector('#outputTextareaStdout1');","                if (!element) {","                    return;","                }","                // append text to #outputTextareaStdout1","                element.value += Array.from(arguments).map(function (arg) {","                    return typeof arg === 'string'","                        ? arg","                        : JSON.stringify(arg, null, 4);","                }).join(' ') + '\\n';","                // scroll textarea to bottom","                element.scrollTop = element.scrollHeight;","            };","        });","        // init event-handling","        ['change', 'click', 'keyup'].forEach(function (event) {","            Array.from(document.querySelectorAll('.on' + event)).forEach(function (element) {","                element.addEventListener(event, local.testRunBrowser);","            });","        });","        // run tests","        local.testRunBrowser();","        break;","","","","    // run node js-env code - post-init","    /* istanbul ignore next */","    case 'node':","        // export local","        module.exports = local;","        // require modules","        local.fs = require('fs');","        local.http = require('http');","        local.url = require('url');","        // init assets","        local.assetsDict = local.assetsDict || {};","        /* jslint-ignore-begin */","        local.assetsDict['/assets.index.template.html'] = '\\","<!doctype html>\\n\\","<html lang=\"en\">\\n\\","<head>\\n\\","<meta charset=\"UTF-8\">\\n\\","<meta name=\"viewport\" content=\"width=device-width, initial-scale=1\">\\n\\","<title>{{env.npm_package_name}} (v{{env.npm_package_version}})</title>\\n\\","<style>\\n\\","/*csslint\\n\\","    box-sizing: false,\\n\\","    universal-selector: false\\n\\","*/\\n\\","* {\\n\\","    box-sizing: border-box;\\n\\","}\\n\\","body {\\n\\","    background: #dde;\\n\\","    font-family: Arial, Helvetica, sans-serif;\\n\\","    margin: 2rem;\\n\\","}\\n\\","body > * {\\n\\","    margin-bottom: 1rem;\\n\\","}\\n\\",".utility2FooterDiv {\\n\\","    margin-top: 20px;\\n\\","    text-align: center;\\n\\","}\\n\\","</style>\\n\\","<style>\\n\\","/*csslint\\n\\","*/\\n\\","textarea {\\n\\","    font-family: monospace;\\n\\","    height: 10rem;\\n\\","    width: 100%;\\n\\","}\\n\\","textarea[readonly] {\\n\\","    background: #ddd;\\n\\","}\\n\\","</style>\\n\\","</head>\\n\\","<body>\\n\\","<!-- utility2-comment\\n\\","<div id=\"ajaxProgressDiv1\" style=\"background: #d00; height: 2px; left: 0; margin: 0; padding: 0; position: fixed; top: 0; transition: background 0.5s, width 1.5s; width: 25%;\"></div>\\n\\","utility2-comment -->\\n\\","<h1>\\n\\","<!-- utility2-comment\\n\\","    <a\\n\\","        {{#if env.npm_package_homepage}}\\n\\","        href=\"{{env.npm_package_homepage}}\"\\n\\","        {{/if env.npm_package_homepage}}\\n\\","        target=\"_blank\"\\n\\","    >\\n\\","utility2-comment -->\\n\\","        {{env.npm_package_name}} (v{{env.npm_package_version}})\\n\\","<!-- utility2-comment\\n\\","    </a>\\n\\","utility2-comment -->\\n\\","</h1>\\n\\","<h3>{{env.npm_package_description}}</h3>\\n\\","<!-- utility2-comment\\n\\","<h4><a download href=\"assets.app.js\">download standalone app</a></h4>\\n\\","<button class=\"onclick onreset\" id=\"testRunButton1\">run internal test</button><br>\\n\\","<div id=\"testReportDiv1\" style=\"display: none;\"></div>\\n\\","utility2-comment -->\\n\\","\\n\\","\\n\\","\\n\\","<label>stderr and stdout</label>\\n\\","<textarea class=\"resettable\" id=\"outputTextareaStdout1\" readonly></textarea>\\n\\","<!-- utility2-comment\\n\\","{{#if isRollup}}\\n\\","<script src=\"assets.app.js\"></script>\\n\\","{{#unless isRollup}}\\n\\","utility2-comment -->\\n\\","<script src=\"assets.utility2.rollup.js\"></script>\\n\\","<script src=\"jsonp.utility2._stateInit?callback=window.utility2._stateInit\"></script>\\n\\","<script src=\"assets.npmtest_grunt_svgstore.rollup.js\"></script>\\n\\","<script src=\"assets.example.js\"></script>\\n\\","<script src=\"assets.test.js\"></script>\\n\\","<!-- utility2-comment\\n\\","{{/if isRollup}}\\n\\","utility2-comment -->\\n\\","<div class=\"utility2FooterDiv\">\\n\\","    [ this app was created with\\n\\","    <a href=\"https://github.com/kaizhu256/node-utility2\" target=\"_blank\">utility2</a>\\n\\","    ]\\n\\","</div>\\n\\","</body>\\n\\","</html>\\n\\","';","        /* jslint-ignore-end */","        if (local.templateRender) {","            local.assetsDict['/'] = local.templateRender(","                local.assetsDict['/assets.index.template.html'],","                {","                    env: local.objectSetDefault(local.env, {","                        npm_package_description: 'the greatest app in the world!',","                        npm_package_name: 'my-app',","                        npm_package_nameAlias: 'my_app',","                        npm_package_version: '0.0.1'","                    })","                }","            );","        } else {","            local.assetsDict['/'] = local.assetsDict['/assets.index.template.html']","                .replace((/\\{\\{env\\.(\\w+?)\\}\\}/g), function (match0, match1) {","                    // jslint-hack","                    String(match0);","                    switch (match1) {","                    case 'npm_package_description':","                        return 'the greatest app in the world!';","                    case 'npm_package_name':","                        return 'my-app';","                    case 'npm_package_nameAlias':","                        return 'my_app';","                    case 'npm_package_version':","                        return '0.0.1';","                    }","                });","        }","        // run the cli","        if (local.global.utility2_rollup || module !== require.main) {","            break;","        }","        local.assetsDict['/assets.example.js'] =","            local.assetsDict['/assets.example.js'] ||","            local.fs.readFileSync(__filename, 'utf8');","        // bug-workaround - long $npm_package_buildCustomOrg","        /* jslint-ignore-begin */","        local.assetsDict['/assets.npmtest_grunt_svgstore.rollup.js'] =","            local.assetsDict['/assets.npmtest_grunt_svgstore.rollup.js'] ||","            local.fs.readFileSync(","                local.npmtest_grunt_svgstore.__dirname + '/lib.npmtest_grunt_svgstore.js',","                'utf8'","            ).replace((/^#!/), '//');","        /* jslint-ignore-end */","        local.assetsDict['/favicon.ico'] = local.assetsDict['/favicon.ico'] || '';","        // if $npm_config_timeout_exit exists,","        // then exit this process after $npm_config_timeout_exit ms","        if (Number(process.env.npm_config_timeout_exit)) {","            setTimeout(process.exit, Number(process.env.npm_config_timeout_exit));","        }","        // start server","        if (local.global.utility2_serverHttp1) {","            break;","        }","        process.env.PORT = process.env.PORT || '8081';","        console.error('server starting on port ' + process.env.PORT);","        local.http.createServer(function (request, response) {","            request.urlParsed = local.url.parse(request.url);","            if (local.assetsDict[request.urlParsed.pathname] !== undefined) {","                response.end(local.assetsDict[request.urlParsed.pathname]);","                return;","            }","            response.statusCode = 404;","            response.end();","        }).listen(process.env.PORT);","        break;","    }","}());",""],"l":{"26":2,"28":2,"33":2,"35":2,"37":2,"38":2,"39":2,"44":1,"51":2,"55":2,"59":2,"61":2,"69":1,"70":2,"76":2,"79":2,"82":2,"83":2,"85":1,"89":2,"92":1,"93":1,"94":1,"96":1,"97":1,"100":1,"101":1,"103":1,"106":1,"108":2,"114":1,"116":1,"118":1,"123":1,"124":2,"125":2,"126":3,"127":3,"128":3,"129":3,"130":1,"133":3,"134":3,"139":3,"143":1,"144":3,"145":1,"149":1,"150":1,"158":1,"160":1,"161":1,"162":1,"164":1,"166":1,"258":1,"259":1,"271":1,"274":6,"275":6,"277":1,"279":2,"281":1,"283":2,"288":1,"289":1,"291":1,"296":1,"303":1,"306":1,"307":1,"310":1,"311":1,"313":1,"314":1,"315":1,"316":1,"317":1,"318":1,"319":1,"321":1,"322":1,"324":1}},"/home/travis/build/npmtest/node-npmtest-grunt-svgstore/node_modules/grunt-svgstore/Gruntfile.js":{"path":"/home/travis/build/npmtest/node-npmtest-grunt-svgstore/node_modules/grunt-svgstore/Gruntfile.js","s":{"1":1,"2":1,"3":0,"4":0,"5":0,"6":0,"7":0,"8":0,"9":0,"10":0},"b":{},"f":{"1":0,"2":0,"3":0,"4":0},"fnMap":{"1":{"name":"(anonymous_1)","line":13,"loc":{"start":{"line":13,"column":17},"end":{"line":13,"column":33}}},"2":{"name":"(anonymous_2)","line":206,"loc":{"start":{"line":206,"column":46},"end":{"line":206,"column":56}}},"3":{"name":"(anonymous_3)","line":241,"loc":{"start":{"line":241,"column":24},"end":{"line":241,"column":34}}},"4":{"name":"(anonymous_4)","line":250,"loc":{"start":{"line":250,"column":27},"end":{"line":250,"column":42}}}},"statementMap":{"1":{"start":{"line":11,"column":0},"end":{"line":11,"column":37}},"2":{"start":{"line":13,"column":0},"end":{"line":309,"column":2}},"3":{"start":{"line":16,"column":2},"end":{"line":292,"column":5}},"4":{"start":{"line":251,"column":12},"end":{"line":251,"column":38}},"5":{"start":{"line":295,"column":2},"end":{"line":295,"column":27}},"6":{"start":{"line":298,"column":2},"end":{"line":298,"column":45}},"7":{"start":{"line":299,"column":2},"end":{"line":299,"column":44}},"8":{"start":{"line":300,"column":2},"end":{"line":300,"column":47}},"9":{"start":{"line":304,"column":2},"end":{"line":304,"column":64}},"10":{"start":{"line":307,"column":2},"end":{"line":307,"column":52}}},"branchMap":{},"code":["/*"," * grunt-svgstore"," * https://github.com/FWeinb/grunt-svgstore"," *"," * Copyright (c) 2014 Fabrice Weinberg"," * Licensed under the MIT license."," */","","'use strict';","","var multiline = require('multiline');","","module.exports = function(grunt) {","","  // Project configuration.","  grunt.initConfig({","    jshint: {","      all: [","        'Gruntfile.js',","        'tasks/*.js',","        '<%= nodeunit.tests %>'","      ],","      options: {","        jshintrc: '.jshintrc'","      },","    },","","    // Before generating any new files, remove any previously-created files.","    clean: {","      tests: ['tmp']","    },","","    // Configuration to be run (and then tested).","    svgstore: {","      defaults: {","        options: {","        },","        files: {","          'tmp/default_options.svg': ['test/fixtures/codepen.svg']","        },","      },","","      prefix: {","        options: {","          prefix: 'icon-'","        },","        files: {","          'tmp/prefix.svg': ['test/fixtures/codepen.svg']","        }","      },","","      svgattr: {","        options: {","          svg: {","            viewBox : '0 0 100 100'","          }","        },","        files: {","          'tmp/svg_attr.svg': ['test/fixtures/codepen.svg']","        }","      },","","      symbolattr: {","        options:{","          symbol: {","            preserveAspectRatio: 'xMinYMin slice'","          }","        },","        files: {","          'tmp/symbol_attr.svg': ['test/fixtures/codepen.svg']","        }","      },","","      formatting: {","        options: {","          formatting : {","            indent_size : 2","          }","        },","        files: {","          'tmp/formatting.svg': ['test/fixtures/codepen.svg']","        },","      },","","      withurlref: {","        options:{},","        files: {","          'tmp/withurlref.svg': ['test/fixtures/element.svg']","        }","      },","","      nestedsymboleid: {","        options:{},","        files: {","          'tmp/nestedsymbol.svg': ['test/fixtures/nestedsymbol.svg']","        }","      },","","      includedemo: {","        options:{","          includedemo : true","        },","        files: {","          'tmp/includedemo.svg': ['test/fixtures/*.svg', 'test/fixtures/animation/anim.svg']","        }","      },","","      cutNameAfterFirstDot: {","        options:{},","        files: {","          'tmp/cutnameafterfirstdot.svg': ['test/fixtures/naming/name.min.svg']","        }","      },","","      cleanup: {","        options: {","          cleanup: true","        },","        files: {","          'tmp/cleanup.svg': ['test/fixtures/cleanup.svg']","        }","      },","","      cleanupwithcurrentcolor: {","        options: {","          cleanup: true","        },","        files: {","          'tmp/cleanup_with_currentColor.svg': ['test/fixtures/cleanup_with_currentColor.svg']","        }","      },","","      preserveattribute: {","        options: {","          cleanup: ['fill', 'stroke', 'imafake']","        },","        files: {","          'tmp/preserve_attribute.svg': ['test/fixtures/preserve_attribute.svg']","        }","      },","      cleanupwithinheritviewbox: {","        options: {","          cleanup: true,","          inheritviewbox: true","        },","        files: {","          'tmp/cleanup_with_inheritviewbox.svg': ['test/fixtures/cleanup.svg']","        }","      },","","      removeunreferencedids: {","        options: {","          cleanup: ['style', 'id'],","          cleanupdefs: true","        },","        files: {","          'tmp/no_unref_ids.svg': ['test/fixtures/usingdef.svg']","        }","      },","","      cleanupfill: {","        options: {","          cleanup: ['fill']","        },","        files: {","          'tmp/cleanup_fill.svg': ['test/fixtures/dribbble.svg']","        }","      },","","      nocleandefs: {","        options: {","          cleanup: ['style']","        },","        files: {","          'tmp/defs_noclean.svg': ['test/fixtures/usingdef.svg']","        }","      },","","      cleandefs: {","        options: {","          cleanup: ['style', 'id'],","          cleanupdefs: true","        },","        files: {","          'tmp/defs_clean.svg': ['test/fixtures/usingdef.svg']","        }","      },","","      removeemptyg: {","        options: {","          cleanup: ['id']","        },","        files: {","          'tmp/no_empty_g.svg': ['test/fixtures/scissors.svg']","        }","      },","","      perserveAnimation: {","        files: {","          'tmp/anim.svg': ['test/fixtures/animation/anim.svg']","        }","      },","","      withCustomTemplate:{","        options: {","          includedemo : multiline.stripIndent(function(){/*","                <!doctype html>","                <html>","                  <head>","                    <style>","                      svg{","                       width:50px;","                       height:50px;","                       fill:black !important;","                      }","                    </style>","                  <head>","                  <body>","                    {{{svg}}}","","                    {{#each icons}}","                    <div>","                      <svg>","                        <use xlink:href=\"#{{name}}\" />","                      </svg>","                      <div>{{title}}</div>","                    </div>","                    {{/each}}","","                  </body>","                </html>","          */})","        },","        files: {","          'tmp/customTemplate.svg': ['test/fixtures/animation/anim.svg']","        }","      },","","      withCustomTemplateFunction: {","        options: {","          includedemo : function(){}","        },","        files: {","          'tmp/customTemplateFunction.svg': ['test/fixtures/animation/anim.svg']","        }","      },","","      withCustomIdFunction: {","        options: {","          convertNameToId: function(name) {","            return name.split('_')[1];","          }","        },","        files: {","          'tmp/customIdFunction.svg': ['test/fixtures/naming/SomePrefix_iconName.svg']","        }","      },","","      withCustomDefs: {","        options: {","          externalDefs: 'test/fixtures/usingdef.svg'","        },","        files: {","          'tmp/withCustomDefs.svg': ['test/fixtures/itunes.svg']","        }","      },","","      noTitleElement: {","        options: {","          includeTitleElement: false","        },","        files: {","          'tmp/no_title_element.svg': ['test/fixtures/codepen.svg']","        }","      },","","      noDescElement: {","        options: {","          preserveDescElement: false","        },","        files: {","          'tmp/no_desc_element.svg': ['test/fixtures/codepen.svg']","        }","      }","    },","","    // Unit tests.","    nodeunit: {","      tests: ['test/*_test.js']","    }","","  });","","  // Actually load this plugin's task(s).","  grunt.loadTasks('tasks');","","  // These plugins provide necessary tasks.","  grunt.loadNpmTasks('grunt-contrib-jshint');","  grunt.loadNpmTasks('grunt-contrib-clean');","  grunt.loadNpmTasks('grunt-contrib-nodeunit');","","  // Whenever the \"test\" task is run, first clean the \"tmp\" dir, then run this","  // plugin's task(s), then test the result.","  grunt.registerTask('test', ['clean', 'svgstore', 'nodeunit']);","","  // By default, lint and run all tests.","  grunt.registerTask('default', ['jshint', 'test']);","","};",""],"l":{"11":1,"13":1,"16":0,"251":0,"295":0,"298":0,"299":0,"300":0,"304":0,"307":0}},"/home/travis/build/npmtest/node-npmtest-grunt-svgstore/node_modules/grunt-svgstore/tasks/svgstore.js":{"path":"/home/travis/build/npmtest/node-npmtest-grunt-svgstore/node_modules/grunt-svgstore/tasks/svgstore.js","s":{"1":1,"2":0,"3":0,"4":0,"5":0,"6":0,"7":0,"8":0,"9":0,"10":0,"11":0,"12":0,"13":0,"14":0,"15":0,"16":0,"17":0,"18":0,"19":0,"20":0,"21":0,"22":0,"23":0,"24":0,"25":0,"26":0,"27":0,"28":0,"29":0,"30":0,"31":0,"32":0,"33":0,"34":0,"35":0,"36":0,"37":0,"38":0,"39":0,"40":0,"41":1,"42":0,"43":0,"44":0,"45":0,"46":0,"47":0,"48":0,"49":0,"50":0,"51":0,"52":0,"53":0,"54":0,"55":0,"56":0,"57":0,"58":0,"59":0,"60":0,"61":0,"62":0,"63":0,"64":0,"65":0,"66":0,"67":0,"68":0,"69":0,"70":0,"71":0,"72":0,"73":0,"74":0,"75":0,"76":0,"77":0,"78":0,"79":0,"80":0,"81":0,"82":0,"83":0,"84":0,"85":0,"86":0,"87":0,"88":0,"89":0,"90":0,"91":0,"92":0,"93":0,"94":0,"95":0,"96":0,"97":0,"98":0,"99":0,"100":0,"101":0,"102":0,"103":0,"104":0,"105":0,"106":0,"107":0,"108":0,"109":0,"110":0,"111":0,"112":0,"113":0,"114":0,"115":0,"116":0,"117":0,"118":0,"119":0,"120":0,"121":0,"122":0,"123":0,"124":0,"125":0,"126":0,"127":0,"128":0,"129":0,"130":0,"131":0,"132":0,"133":0,"134":0,"135":0,"136":0,"137":0,"138":0,"139":0,"140":0,"141":0,"142":0,"143":0,"144":0,"145":0,"146":0,"147":0,"148":0,"149":0,"150":0,"151":0,"152":0,"153":0,"154":0,"155":0,"156":0,"157":0,"158":0,"159":0,"160":0,"161":0,"162":0,"163":0,"164":0,"165":0,"166":0,"167":0,"168":0,"169":0,"170":0,"171":0,"172":0,"173":0,"174":0,"175":0,"176":0},"b":{"1":[0,0],"2":[0,0],"3":[0,0],"4":[0,0],"5":[0,0],"6":[0,0],"7":[0,0],"8":[0,0],"9":[0,0],"10":[0,0],"11":[0,0],"12":[0,0],"13":[0,0],"14":[0,0],"15":[0,0],"16":[0,0],"17":[0,0],"18":[0,0],"19":[0,0],"20":[0,0],"21":[0,0],"22":[0,0],"23":[0,0],"24":[0,0],"25":[0,0],"26":[0,0],"27":[0,0],"28":[0,0],"29":[0,0],"30":[0,0],"31":[0,0],"32":[0,0],"33":[0,0],"34":[0,0],"35":[0,0],"36":[0,0],"37":[0,0],"38":[0,0],"39":[0,0],"40":[0,0],"41":[0,0],"42":[0,0],"43":[0,0],"44":[0,0],"45":[0,0],"46":[0,0],"47":[0,0],"48":[0,0],"49":[0,0],"50":[0,0],"51":[0,0],"52":[0,0],"53":[0,0],"54":[0,0],"55":[0,0],"56":[0,0],"57":[0,0]},"f":{"1":0,"2":0,"3":0,"4":0,"5":0,"6":0,"7":0,"8":0,"9":0,"10":0,"11":0,"12":0,"13":0,"14":0,"15":0,"16":0},"fnMap":{"1":{"name":"(anonymous_1)","line":10,"loc":{"start":{"line":10,"column":17},"end":{"line":10,"column":34}}},"2":{"name":"(anonymous_2)","line":24,"loc":{"start":{"line":24,"column":46},"end":{"line":24,"column":58}}},"3":{"name":"(anonymous_3)","line":50,"loc":{"start":{"line":50,"column":31},"end":{"line":50,"column":46}}},"4":{"name":"(anonymous_4)","line":61,"loc":{"start":{"line":61,"column":67},"end":{"line":61,"column":79}}},"5":{"name":"(anonymous_5)","line":88,"loc":{"start":{"line":88,"column":23},"end":{"line":88,"column":39}}},"6":{"name":"(anonymous_6)","line":100,"loc":{"start":{"line":100,"column":22},"end":{"line":100,"column":42}}},"7":{"name":"(anonymous_7)","line":107,"loc":{"start":{"line":107,"column":13},"end":{"line":107,"column":33}}},"8":{"name":"(anonymous_8)","line":117,"loc":{"start":{"line":117,"column":20},"end":{"line":117,"column":30}}},"9":{"name":"getUniqueId","line":127,"loc":{"start":{"line":127,"column":8},"end":{"line":127,"column":36}}},"10":{"name":"(anonymous_10)","line":131,"loc":{"start":{"line":131,"column":23},"end":{"line":131,"column":35}}},"11":{"name":"(anonymous_11)","line":143,"loc":{"start":{"line":143,"column":20},"end":{"line":143,"column":32}}},"12":{"name":"(anonymous_12)","line":147,"loc":{"start":{"line":147,"column":37},"end":{"line":147,"column":52}}},"13":{"name":"(anonymous_13)","line":210,"loc":{"start":{"line":210,"column":41},"end":{"line":210,"column":53}}},"14":{"name":"(anonymous_14)","line":279,"loc":{"start":{"line":279,"column":24},"end":{"line":279,"column":34}}},"15":{"name":"(anonymous_15)","line":309,"loc":{"start":{"line":309,"column":46},"end":{"line":309,"column":61}}},"16":{"name":"(anonymous_16)","line":320,"loc":{"start":{"line":320,"column":17},"end":{"line":320,"column":35}}}},"statementMap":{"1":{"start":{"line":10,"column":0},"end":{"line":407,"column":2}},"2":{"start":{"line":11,"column":2},"end":{"line":11,"column":33}},"3":{"start":{"line":12,"column":2},"end":{"line":12,"column":39}},"4":{"start":{"line":13,"column":2},"end":{"line":13,"column":29}},"5":{"start":{"line":15,"column":2},"end":{"line":15,"column":45}},"6":{"start":{"line":16,"column":2},"end":{"line":16,"column":35}},"7":{"start":{"line":17,"column":2},"end":{"line":17,"column":31}},"8":{"start":{"line":18,"column":2},"end":{"line":18,"column":41}},"9":{"start":{"line":21,"column":2},"end":{"line":21,"column":45}},"10":{"start":{"line":24,"column":2},"end":{"line":47,"column":7}},"11":{"start":{"line":50,"column":2},"end":{"line":56,"column":4}},"12":{"start":{"line":51,"column":4},"end":{"line":51,"column":35}},"13":{"start":{"line":52,"column":4},"end":{"line":54,"column":5}},"14":{"start":{"line":53,"column":6},"end":{"line":53,"column":39}},"15":{"start":{"line":55,"column":4},"end":{"line":55,"column":16}},"16":{"start":{"line":61,"column":2},"end":{"line":406,"column":5}},"17":{"start":{"line":63,"column":4},"end":{"line":78,"column":7}},"18":{"start":{"line":80,"column":4},"end":{"line":80,"column":31}},"19":{"start":{"line":81,"column":4},"end":{"line":86,"column":5}},"20":{"start":{"line":83,"column":6},"end":{"line":83,"column":36}},"21":{"start":{"line":84,"column":11},"end":{"line":86,"column":5}},"22":{"start":{"line":85,"column":6},"end":{"line":85,"column":42}},"23":{"start":{"line":88,"column":4},"end":{"line":405,"column":7}},"24":{"start":{"line":89,"column":6},"end":{"line":92,"column":36}},"25":{"start":{"line":96,"column":6},"end":{"line":98,"column":7}},"26":{"start":{"line":97,"column":8},"end":{"line":97,"column":49}},"27":{"start":{"line":100,"column":6},"end":{"line":347,"column":9}},"28":{"start":{"line":101,"column":8},"end":{"line":106,"column":9}},"29":{"start":{"line":102,"column":10},"end":{"line":102,"column":63}},"30":{"start":{"line":103,"column":10},"end":{"line":103,"column":23}},"31":{"start":{"line":105,"column":10},"end":{"line":105,"column":22}},"32":{"start":{"line":108,"column":8},"end":{"line":108,"column":55}},"33":{"start":{"line":109,"column":8},"end":{"line":109,"column":51}},"34":{"start":{"line":110,"column":8},"end":{"line":110,"column":51}},"35":{"start":{"line":111,"column":8},"end":{"line":114,"column":15}},"36":{"start":{"line":117,"column":8},"end":{"line":122,"column":11}},"37":{"start":{"line":118,"column":10},"end":{"line":118,"column":30}},"38":{"start":{"line":119,"column":10},"end":{"line":121,"column":11}},"39":{"start":{"line":120,"column":12},"end":{"line":120,"column":27}},"40":{"start":{"line":125,"column":8},"end":{"line":125,"column":27}},"41":{"start":{"line":127,"column":8},"end":{"line":129,"column":9}},"42":{"start":{"line":128,"column":10},"end":{"line":128,"column":34}},"43":{"start":{"line":131,"column":8},"end":{"line":141,"column":11}},"44":{"start":{"line":132,"column":10},"end":{"line":132,"column":30}},"45":{"start":{"line":133,"column":10},"end":{"line":133,"column":36}},"46":{"start":{"line":134,"column":10},"end":{"line":134,"column":36}},"47":{"start":{"line":135,"column":10},"end":{"line":139,"column":12}},"48":{"start":{"line":140,"column":10},"end":{"line":140,"column":32}},"49":{"start":{"line":143,"column":8},"end":{"line":207,"column":11}},"50":{"start":{"line":144,"column":10},"end":{"line":144,"column":30}},"51":{"start":{"line":145,"column":10},"end":{"line":145,"column":35}},"52":{"start":{"line":147,"column":10},"end":{"line":206,"column":13}},"53":{"start":{"line":148,"column":12},"end":{"line":148,"column":35}},"54":{"start":{"line":149,"column":12},"end":{"line":149,"column":87}},"55":{"start":{"line":151,"column":12},"end":{"line":157,"column":13}},"56":{"start":{"line":152,"column":14},"end":{"line":152,"column":28}},"57":{"start":{"line":153,"column":14},"end":{"line":156,"column":15}},"58":{"start":{"line":154,"column":16},"end":{"line":154,"column":48}},"59":{"start":{"line":155,"column":16},"end":{"line":155,"column":91}},"60":{"start":{"line":159,"column":12},"end":{"line":166,"column":13}},"61":{"start":{"line":160,"column":14},"end":{"line":160,"column":38}},"62":{"start":{"line":161,"column":14},"end":{"line":161,"column":40}},"63":{"start":{"line":162,"column":14},"end":{"line":165,"column":15}},"64":{"start":{"line":163,"column":16},"end":{"line":163,"column":41}},"65":{"start":{"line":164,"column":16},"end":{"line":164,"column":48}},"66":{"start":{"line":169,"column":12},"end":{"line":205,"column":13}},"67":{"start":{"line":171,"column":14},"end":{"line":204,"column":15}},"68":{"start":{"line":173,"column":16},"end":{"line":176,"column":17}},"69":{"start":{"line":175,"column":18},"end":{"line":175,"column":51}},"70":{"start":{"line":178,"column":16},"end":{"line":203,"column":17}},"71":{"start":{"line":180,"column":18},"end":{"line":180,"column":95}},"72":{"start":{"line":181,"column":18},"end":{"line":181,"column":101}},"73":{"start":{"line":183,"column":18},"end":{"line":194,"column":19}},"74":{"start":{"line":185,"column":20},"end":{"line":185,"column":62}},"75":{"start":{"line":188,"column":20},"end":{"line":188,"column":42}},"76":{"start":{"line":190,"column":23},"end":{"line":194,"column":19}},"77":{"start":{"line":193,"column":20},"end":{"line":193,"column":42}},"78":{"start":{"line":196,"column":18},"end":{"line":202,"column":19}},"79":{"start":{"line":198,"column":20},"end":{"line":198,"column":62}},"80":{"start":{"line":201,"column":20},"end":{"line":201,"column":42}},"81":{"start":{"line":209,"column":8},"end":{"line":216,"column":9}},"82":{"start":{"line":210,"column":10},"end":{"line":215,"column":12}},"83":{"start":{"line":211,"column":12},"end":{"line":211,"column":38}},"84":{"start":{"line":212,"column":12},"end":{"line":214,"column":13}},"85":{"start":{"line":213,"column":15},"end":{"line":213,"column":44}},"86":{"start":{"line":218,"column":8},"end":{"line":218,"column":28}},"87":{"start":{"line":219,"column":8},"end":{"line":219,"column":32}},"88":{"start":{"line":220,"column":8},"end":{"line":220,"column":30}},"89":{"start":{"line":221,"column":8},"end":{"line":221,"column":37}},"90":{"start":{"line":222,"column":8},"end":{"line":222,"column":52}},"91":{"start":{"line":225,"column":8},"end":{"line":227,"column":9}},"92":{"start":{"line":226,"column":10},"end":{"line":226,"column":41}},"93":{"start":{"line":229,"column":8},"end":{"line":229,"column":42}},"94":{"start":{"line":230,"column":8},"end":{"line":230,"column":40}},"95":{"start":{"line":233,"column":8},"end":{"line":233,"column":22}},"96":{"start":{"line":234,"column":8},"end":{"line":234,"column":24}},"97":{"start":{"line":235,"column":8},"end":{"line":235,"column":23}},"98":{"start":{"line":238,"column":8},"end":{"line":238,"column":28}},"99":{"start":{"line":241,"column":8},"end":{"line":241,"column":91}},"100":{"start":{"line":242,"column":8},"end":{"line":242,"column":45}},"101":{"start":{"line":245,"column":8},"end":{"line":247,"column":9}},"102":{"start":{"line":246,"column":10},"end":{"line":246,"column":51}},"103":{"start":{"line":250,"column":8},"end":{"line":252,"column":9}},"104":{"start":{"line":251,"column":10},"end":{"line":251,"column":55}},"105":{"start":{"line":254,"column":8},"end":{"line":256,"column":9}},"106":{"start":{"line":255,"column":10},"end":{"line":255,"column":58}},"107":{"start":{"line":259,"column":8},"end":{"line":259,"column":43}},"108":{"start":{"line":261,"column":8},"end":{"line":268,"column":9}},"109":{"start":{"line":262,"column":10},"end":{"line":262,"column":41}},"110":{"start":{"line":263,"column":10},"end":{"line":263,"column":43}},"111":{"start":{"line":264,"column":10},"end":{"line":264,"column":44}},"112":{"start":{"line":265,"column":10},"end":{"line":267,"column":11}},"113":{"start":{"line":266,"column":12},"end":{"line":266,"column":76}},"114":{"start":{"line":270,"column":8},"end":{"line":272,"column":9}},"115":{"start":{"line":271,"column":10},"end":{"line":271,"column":43}},"116":{"start":{"line":275,"column":8},"end":{"line":275,"column":44}},"117":{"start":{"line":276,"column":8},"end":{"line":276,"column":38}},"118":{"start":{"line":279,"column":8},"end":{"line":283,"column":10}},"119":{"start":{"line":280,"column":10},"end":{"line":280,"column":33}},"120":{"start":{"line":281,"column":10},"end":{"line":281,"column":47}},"121":{"start":{"line":282,"column":10},"end":{"line":282,"column":25}},"122":{"start":{"line":285,"column":8},"end":{"line":285,"column":47}},"123":{"start":{"line":286,"column":8},"end":{"line":286,"column":47}},"124":{"start":{"line":287,"column":8},"end":{"line":287,"column":40}},"125":{"start":{"line":290,"column":8},"end":{"line":290,"column":39}},"126":{"start":{"line":293,"column":8},"end":{"line":298,"column":9}},"127":{"start":{"line":294,"column":10},"end":{"line":297,"column":13}},"128":{"start":{"line":300,"column":8},"end":{"line":346,"column":9}},"129":{"start":{"line":301,"column":10},"end":{"line":301,"column":64}},"130":{"start":{"line":302,"column":10},"end":{"line":302,"column":65}},"131":{"start":{"line":303,"column":10},"end":{"line":303,"column":107}},"132":{"start":{"line":304,"column":10},"end":{"line":304,"column":87}},"133":{"start":{"line":305,"column":10},"end":{"line":308,"column":33}},"134":{"start":{"line":309,"column":10},"end":{"line":311,"column":13}},"135":{"start":{"line":310,"column":12},"end":{"line":310,"column":56}},"136":{"start":{"line":312,"column":10},"end":{"line":314,"column":11}},"137":{"start":{"line":313,"column":12},"end":{"line":313,"column":62}},"138":{"start":{"line":315,"column":10},"end":{"line":317,"column":11}},"139":{"start":{"line":316,"column":12},"end":{"line":316,"column":65}},"140":{"start":{"line":318,"column":10},"end":{"line":322,"column":15}},"141":{"start":{"line":321,"column":14},"end":{"line":321,"column":38}},"142":{"start":{"line":324,"column":10},"end":{"line":324,"column":90}},"143":{"start":{"line":325,"column":10},"end":{"line":325,"column":91}},"144":{"start":{"line":326,"column":10},"end":{"line":327,"column":60}},"145":{"start":{"line":329,"column":10},"end":{"line":338,"column":25}},"146":{"start":{"line":340,"column":10},"end":{"line":340,"column":46}},"147":{"start":{"line":341,"column":10},"end":{"line":345,"column":11}},"148":{"start":{"line":342,"column":12},"end":{"line":344,"column":15}},"149":{"start":{"line":349,"column":6},"end":{"line":368,"column":7}},"150":{"start":{"line":350,"column":8},"end":{"line":350,"column":44}},"151":{"start":{"line":352,"column":8},"end":{"line":355,"column":9}},"152":{"start":{"line":353,"column":10},"end":{"line":353,"column":75}},"153":{"start":{"line":354,"column":10},"end":{"line":354,"column":23}},"154":{"start":{"line":357,"column":8},"end":{"line":361,"column":40}},"155":{"start":{"line":363,"column":8},"end":{"line":367,"column":9}},"156":{"start":{"line":364,"column":10},"end":{"line":364,"column":84}},"157":{"start":{"line":366,"column":10},"end":{"line":366,"column":35}},"158":{"start":{"line":371,"column":6},"end":{"line":373,"column":7}},"159":{"start":{"line":372,"column":8},"end":{"line":372,"column":29}},"160":{"start":{"line":375,"column":6},"end":{"line":375,"column":118}},"161":{"start":{"line":376,"column":6},"end":{"line":376,"column":54}},"162":{"start":{"line":378,"column":6},"end":{"line":378,"column":42}},"163":{"start":{"line":380,"column":6},"end":{"line":380,"column":71}},"164":{"start":{"line":382,"column":6},"end":{"line":404,"column":7}},"165":{"start":{"line":383,"column":8},"end":{"line":383,"column":72}},"166":{"start":{"line":385,"column":8},"end":{"line":385,"column":21}},"167":{"start":{"line":386,"column":8},"end":{"line":389,"column":10}},"168":{"start":{"line":391,"column":8},"end":{"line":399,"column":9}},"169":{"start":{"line":392,"column":10},"end":{"line":392,"column":51}},"170":{"start":{"line":394,"column":10},"end":{"line":394,"column":41}},"171":{"start":{"line":395,"column":10},"end":{"line":397,"column":11}},"172":{"start":{"line":396,"column":12},"end":{"line":396,"column":43}},"173":{"start":{"line":398,"column":10},"end":{"line":398,"column":60}},"174":{"start":{"line":401,"column":8},"end":{"line":401,"column":86}},"175":{"start":{"line":402,"column":8},"end":{"line":402,"column":45}},"176":{"start":{"line":403,"column":8},"end":{"line":403,"column":77}}},"branchMap":{"1":{"line":52,"type":"if","locations":[{"start":{"line":52,"column":4},"end":{"line":52,"column":4}},{"start":{"line":52,"column":4},"end":{"line":52,"column":4}}]},"2":{"line":81,"type":"if","locations":[{"start":{"line":81,"column":4},"end":{"line":81,"column":4}},{"start":{"line":81,"column":4},"end":{"line":81,"column":4}}]},"3":{"line":81,"type":"binary-expr","locations":[{"start":{"line":81,"column":8},"end":{"line":81,"column":23}},{"start":{"line":81,"column":27},"end":{"line":81,"column":63}}]},"4":{"line":84,"type":"if","locations":[{"start":{"line":84,"column":11},"end":{"line":84,"column":11}},{"start":{"line":84,"column":11},"end":{"line":84,"column":11}}]},"5":{"line":101,"type":"if","locations":[{"start":{"line":101,"column":8},"end":{"line":101,"column":8}},{"start":{"line":101,"column":8},"end":{"line":101,"column":8}}]},"6":{"line":119,"type":"if","locations":[{"start":{"line":119,"column":10},"end":{"line":119,"column":10}},{"start":{"line":119,"column":10},"end":{"line":119,"column":10}}]},"7":{"line":153,"type":"if","locations":[{"start":{"line":153,"column":14},"end":{"line":153,"column":14}},{"start":{"line":153,"column":14},"end":{"line":153,"column":14}}]},"8":{"line":159,"type":"if","locations":[{"start":{"line":159,"column":12},"end":{"line":159,"column":12}},{"start":{"line":159,"column":12},"end":{"line":159,"column":12}}]},"9":{"line":162,"type":"if","locations":[{"start":{"line":162,"column":14},"end":{"line":162,"column":14}},{"start":{"line":162,"column":14},"end":{"line":162,"column":14}}]},"10":{"line":169,"type":"if","locations":[{"start":{"line":169,"column":12},"end":{"line":169,"column":12}},{"start":{"line":169,"column":12},"end":{"line":169,"column":12}}]},"11":{"line":171,"type":"if","locations":[{"start":{"line":171,"column":14},"end":{"line":171,"column":14}},{"start":{"line":171,"column":14},"end":{"line":171,"column":14}}]},"12":{"line":171,"type":"binary-expr","locations":[{"start":{"line":171,"column":18},"end":{"line":171,"column":37}},{"start":{"line":171,"column":41},"end":{"line":171,"column":70}}]},"13":{"line":173,"type":"if","locations":[{"start":{"line":173,"column":16},"end":{"line":173,"column":16}},{"start":{"line":173,"column":16},"end":{"line":173,"column":16}}]},"14":{"line":178,"type":"if","locations":[{"start":{"line":178,"column":16},"end":{"line":178,"column":16}},{"start":{"line":178,"column":16},"end":{"line":178,"column":16}}]},"15":{"line":178,"type":"binary-expr","locations":[{"start":{"line":178,"column":20},"end":{"line":178,"column":55}},{"start":{"line":178,"column":59},"end":{"line":178,"column":103}}]},"16":{"line":180,"type":"binary-expr","locations":[{"start":{"line":180,"column":39},"end":{"line":180,"column":53}},{"start":{"line":180,"column":57},"end":{"line":180,"column":94}}]},"17":{"line":181,"type":"binary-expr","locations":[{"start":{"line":181,"column":41},"end":{"line":181,"column":57}},{"start":{"line":181,"column":61},"end":{"line":181,"column":100}}]},"18":{"line":183,"type":"if","locations":[{"start":{"line":183,"column":18},"end":{"line":183,"column":18}},{"start":{"line":183,"column":18},"end":{"line":183,"column":18}}]},"19":{"line":183,"type":"binary-expr","locations":[{"start":{"line":183,"column":22},"end":{"line":183,"column":34}},{"start":{"line":183,"column":38},"end":{"line":183,"column":57}}]},"20":{"line":190,"type":"if","locations":[{"start":{"line":190,"column":23},"end":{"line":190,"column":23}},{"start":{"line":190,"column":23},"end":{"line":190,"column":23}}]},"21":{"line":190,"type":"binary-expr","locations":[{"start":{"line":190,"column":29},"end":{"line":190,"column":47}},{"start":{"line":190,"column":51},"end":{"line":190,"column":71}}]},"22":{"line":196,"type":"if","locations":[{"start":{"line":196,"column":18},"end":{"line":196,"column":18}},{"start":{"line":196,"column":18},"end":{"line":196,"column":18}}]},"23":{"line":196,"type":"binary-expr","locations":[{"start":{"line":196,"column":22},"end":{"line":196,"column":34}},{"start":{"line":196,"column":38},"end":{"line":196,"column":57}}]},"24":{"line":209,"type":"if","locations":[{"start":{"line":209,"column":8},"end":{"line":209,"column":8}},{"start":{"line":209,"column":8},"end":{"line":209,"co
[...]
e":"if","locations":[{"start":{"line":261,"column":8},"end":{"line":261,"column":8}},{"start":{"line":261,"column":8},"end":{"line":261,"column":8}}]},"34":{"line":261,"type":"binary-expr","locations":[{"start":{"line":261,"column":12},"end":{"line":261,"column":20}},{"start":{"line":261,"column":24},"end":{"line":261,"column":46}}]},"35":{"line":265,"type":"if","locations":[{"start":{"line":265,"column":10},"end":{"line":265,"column":10}},{"start":{"line":265,"column":10},"end":{"line":265,"column":10}}]},"36":{"line":265,"type":"binary-expr","locations":[{"start":{"line":265,"column":14},"end":{"line":265,"column":32}},{"start":{"line":265,"column":36},"end":{"line":265,"column":55}}]},"37":{"line":270,"type":"if","locations":[{"start":{"line":270,"column":8},"end":{"line":270,"column":8}},{"start":{"line":270,"column":8},"end":{"line":270,"column":8}}]},"38":{"line":293,"type":"if","locations":[{"start":{"line":293,"column":8},"end":{"line":293,"column":8}},{"start":{"line":293,"column":8},"end":{"line":293,"column":8}}]},"39":{"line":300,"type":"if","locations":[{"start":{"line":300,"column":8},"end":{"line":300,"column":8}},{"start":{"line":300,"column":8},"end":{"line":300,"column":8}}]},"40":{"line":300,"type":"binary-expr","locations":[{"start":{"line":300,"column":12},"end":{"line":300,"column":19}},{"start":{"line":300,"column":23},"end":{"line":300,"column":49}}]},"41":{"line":301,"type":"binary-expr","locations":[{"start":{"line":301,"column":27},"end":{"line":301,"column":57}},{"start":{"line":301,"column":61},"end":{"line":301,"column":63}}]},"42":{"line":302,"type":"binary-expr","locations":[{"start":{"line":302,"column":28},"end":{"line":302,"column":58}},{"start":{"line":302,"column":62},"end":{"line":302,"column":64}}]},"43":{"line":304,"type":"binary-expr","locations":[{"start":{"line":304,"column":37},"end":{"line":304,"column":68}},{"start":{"line":304,"column":72},"end":{"line":304,"column":85}}]},"44":{"line":312,"type":"if","locations":[{"start":{"line":312,"column":10},"end":{"line":312,"column":10}},{"start":{"line":312,"column":10},"end":{"line":312,"column":10}}]},"45":{"line":315,"type":"if","locations":[{"start":{"line":315,"column":10},"end":{"line":315,"column":10}},{"start":{"line":315,"column":10},"end":{"line":315,"column":10}}]},"46":{"line":333,"type":"binary-expr","locations":[{"start":{"line":333,"column":50},"end":{"line":333,"column":90}},{"start":{"line":333,"column":94},"end":{"line":333,"column":95}}]},"47":{"line":335,"type":"binary-expr","locations":[{"start":{"line":335,"column":48},"end":{"line":335,"column":94}},{"start":{"line":335,"column":98},"end":{"line":335,"column":99}}]},"48":{"line":336,"type":"binary-expr","locations":[{"start":{"line":336,"column":48},"end":{"line":336,"column":94}},{"start":{"line":336,"column":98},"end":{"line":336,"column":99}}]},"49":{"line":341,"type":"if","locations":[{"start":{"line":341,"column":10},"end":{"line":341,"column":10}},{"start":{"line":341,"column":10},"end":{"line":341,"column":10}}]},"50":{"line":349,"type":"if","locations":[{"start":{"line":349,"column":6},"end":{"line":349,"column":6}},{"start":{"line":349,"column":6},"end":{"line":349,"column":6}}]},"51":{"line":352,"type":"if","locations":[{"start":{"line":352,"column":8},"end":{"line":352,"column":8}},{"start":{"line":352,"column":8},"end":{"line":352,"column":8}}]},"52":{"line":363,"type":"if","locations":[{"start":{"line":363,"column":8},"end":{"line":363,"column":8}},{"start":{"line":363,"column":8},"end":{"line":363,"column":8}}]},"53":{"line":371,"type":"if","locations":[{"start":{"line":371,"column":6},"end":{"line":371,"column":6}},{"start":{"line":371,"column":6},"end":{"line":371,"column":6}}]},"54":{"line":375,"type":"cond-expr","locations":[{"start":{"line":375,"column":40},"end":{"line":375,"column":92}},{"start":{"line":375,"column":95},"end":{"line":375,"column":117}}]},"55":{"line":382,"type":"if","locations":[{"start":{"line":382,"column":6},"end":{"line":382,"column":6}},{"start":{"line":382,"column":6},"end":{"line":382,"column":6}}]},"56":{"line":391,"type":"if","locations":[{"start":{"line":391,"column":8},"end":{"line":391,"column":8}},{"start":{"line":391,"column":8},"end":{"line":391,"column":8}}]},"57":{"line":395,"type":"if","locations":[{"start":{"line":395,"column":10},"end":{"line":395,"column":10}},{"start":{"line":395,"column":10},"end":{"line":395,"column":10}}]}},"code":["/*"," * grunt-svgstore"," * https://github.com/FWeinb/grunt-svgstore"," *"," * Copyright (c) 2014 Fabrice Weinberg"," * Licensed under the MIT license."," */","'use strict';","","module.exports = function (grunt) {","  var crypto = require('crypto');","  var multiline = require('multiline');","  var path = require('path');","","  var beautify = require('js-beautify').html;","  var cheerio = require('cheerio');","  var chalk = require('chalk');","  var handlebars = require('handlebars');","","  // Matching an url() reference. To correct references broken by making ids unique to the source svg","  var urlPattern = /url\\(\\s*#([^ ]+?)\\s*\\)/g;","","  // Default Template","  var defaultTemplate = multiline.stripIndent(function () { /*","    <!doctype html>","    <html>","      <head>","        <style>","          svg{","           width:50px;","           height:50px;","           fill:black !important;","          }","        </style>","      <head>","      <body>","        {{{svg}}}","","        {{#each icons}}","            <svg>","              <use xlink:href=\"#{{name}}\" />","            </svg>","        {{/each}}","","      </body>","    </html>","  */});","","  // Default function used to extract an id from a name","  var defaultConvertNameToId = function(name) {","    var dotPos = name.indexOf('.');","    if ( dotPos > -1){","      name = name.substring(0, dotPos);","    }","    return name;","  };","","  // Please see the Grunt documentation for more information regarding task","  // creation: http://gruntjs.com/creating-tasks","","  grunt.registerMultiTask('svgstore', 'Merge SVGs from a folder.', function () {","    // Merge task-specific and/or target-specific options with these defaults.","    var options = this.options({","      prefix: '',","      svg: {","          'xmlns': \"http://www.w3.org/2000/svg\"","      },","      symbol: {},","      formatting: false,","      includedemo: false,","      inheritviewbox: false,","      cleanupdefs: false,","      convertNameToId: defaultConvertNameToId,","      fixedSizeVersion: false,","      externalDefs: false,","      includeTitleElement: true,","      preserveDescElement: true","    });","","    var cleanupAttributes = [];","    if (options.cleanup && typeof options.cleanup === 'boolean') {","      // For backwards compatibility (introduced in 0.2.6).","      cleanupAttributes = ['style'];","    } else if (Array.isArray(options.cleanup)){","      cleanupAttributes = options.cleanup;","    }","","    this.files.forEach(function (file) {","      var $resultDocument = cheerio.load('<svg><defs></defs></svg>', { xmlMode: true }),","          $resultSvg = $resultDocument('svg'),","          $resultDefs = $resultDocument('defs').first(),","          iconNameViewBoxArray = [];  // Used to store information of all icons that are added","                                      // { name : '' }","","      // Merge in SVG attributes from option","      for (var attr in options.svg) {","        $resultSvg.attr(attr, options.svg[attr]);","      }","","      file.src.filter(function (filepath) {","        if (!grunt.file.exists(filepath)) {","          grunt.log.warn('File \"' + filepath + '\" not found.');","          return false;","        } else {","          return true;","        }","      }).map(function (filepath) {","        var filename = path.basename(filepath, '.svg');","        var id = options.convertNameToId(filename);","        var contentStr = grunt.file.read(filepath);","        var $ = cheerio.load(contentStr, {","              normalizeWhitespace: true,","              xmlMode: true","            });","","        // Remove empty g elements","        $('g').each(function(){","          var $elem = $(this);","          if (!$elem.children().length) {","            $elem.remove();","          }","        });","","        // Map to store references from id to uniqueId + id;","        var mappedIds = {};","","        function getUniqueId(oldId) {","          return id + \"-\" + oldId;","        }","","        $('[id]').each(function () {","          var $elem = $(this);","          var id = $elem.attr('id');","          var uid = getUniqueId(id);","          mappedIds[id] = {","            id : uid,","            referenced : false,","            $elem : $elem","          };","          $elem.attr('id', uid);","        });","","        $('*').each(function () {","          var $elem = $(this);","          var attrs = $elem.attr();","","          Object.keys(attrs).forEach(function (key) {","            var value = attrs[key];","            var id, match, isFillCurrentColor, isStrokeCurrentColor, preservedKey = '';","","            while ( (match = urlPattern.exec(value)) !== null){","              id = match[1];","              if (!!mappedIds[id]) {","                mappedIds[id].referenced = true;","                $elem.attr(key, value.replace(match[0], 'url(#' + mappedIds[id].id + ')'));","              }","            }","","            if ( key === 'xlink:href' ) {","              id = value.substring(1);","              var idObj = mappedIds[id];","              if (!!idObj){","                idObj.referenced = false;","                $elem.attr(key, '#' + idObj.id);","              }","            }","","            // IDs are handled separately","            if (key !== 'id') {","","              if (options.cleanupdefs || !$elem.parents('defs').length) {","","                if (key.match(/preserve--/)) {","                  //Strip off the preserve--","                  preservedKey = key.substring(10);","                }","","                if (cleanupAttributes.indexOf(key) > -1 || cleanupAttributes.indexOf(preservedKey) > -1){","","                  isFillCurrentColor = key === 'fill' && $elem.attr('fill') === 'currentColor';","                  isStrokeCurrentColor = key === 'stroke' && $elem.attr('stroke') === 'currentColor';","","                  if (preservedKey && preservedKey.length) {","                    //Add the new key preserving value","                    $elem.attr(preservedKey, $elem.attr(key));","","                    //Remove the old preserve--foo key","                    $elem.removeAttr(key);","                  }","                  else if (!(isFillCurrentColor || isStrokeCurrentColor)) {","                    // Letting fill inherit the `currentColor` allows shared inline defs to","                    // be styled differently based on an SVG element's `color` so we leave these","                    $elem.removeAttr(key);","                  }","                } else {","                  if (preservedKey && preservedKey.length) {","                    //Add the new key preserving value","                    $elem.attr(preservedKey, $elem.attr(key));","","                    //Remove the old preserve--foo key","                    $elem.removeAttr(key);","                  }","                }","              }","            }","          });","        });","","        if ( cleanupAttributes.indexOf('id') > -1 ) {","          Object.keys(mappedIds).forEach(function(id){","            var idObj = mappedIds[id];","            if (!idObj.referenced){","               idObj.$elem.removeAttr('id');","            }","         });","        }","","        var $svg = $('svg');","        var $title = $('title');","        var $desc = $('desc');","        var $def = $('defs').first();","        var defContent = $def.length && $def.html();","","        // Merge in the defs from this svg in the result defs block","        if (defContent) {","          $resultDefs.append(defContent);","        }","","        var title = $title.first().html();","        var desc = $desc.first().html();","","        // Remove def, title, desc from this svg","        $def.remove();","        $title.remove();","        $desc.remove();","","        // If there is no title use the filename","        title = title || id;","","        // Generate symbol","        var $res = cheerio.load('<symbol>' + $svg.html() + '</symbol>', { xmlMode: true });","        var $symbol = $res('symbol').first();","","        // Merge in symbol attributes from option","        for (var attr in options.symbol) {","          $symbol.attr(attr, options.symbol[attr]);","        }","","        // Add title and desc (if provided)","        if (desc && options.preserveDescElement) {","          $symbol.prepend('<desc>' + desc + '</desc>');","        }","","        if (title && options.includeTitleElement) {","          $symbol.prepend('<title>' + title + '</title>');","        }","","        // Add viewBox (if present on SVG w/ optional width/height fallback)","        var viewBox = $svg.attr('viewBox');","","        if (!viewBox && options.inheritviewbox) {","          var width = $svg.attr('width');","          var height = $svg.attr('height');","          var pxSize = /^\\d+(\\.\\d+)?(px)?$/;","          if (pxSize.test(width) && pxSize.test(height)) {","            viewBox = '0 0 ' + parseFloat(width) + ' ' + parseFloat(height);","          }","        }","","        if (viewBox) {","          $symbol.attr('viewBox', viewBox);","        }","","        // Add ID to symbol","        var graphicId = options.prefix + id;","        $symbol.attr('id', graphicId);","","        // Extract gradients and pattern","        var addToDefs = function(){","          var $elem = $res(this);","          $resultDefs.append($elem.toString());","          $elem.remove();","        };","","        $res('linearGradient').each(addToDefs);","        $res('radialGradient').each(addToDefs);","        $res('pattern').each(addToDefs);","","        // Append <symbol> to resulting SVG","        $resultSvg.append($res.html());","","        // Add icon to the demo.html array","        if (!!options.includedemo) {","          iconNameViewBoxArray.push({","            name: graphicId,","            title: title","          });","        }","","        if (viewBox && !!options.fixedSizeVersion) {","          var fixedWidth = options.fixedSizeVersion.width || 50;","          var fixedHeight = options.fixedSizeVersion.width || 50;","          var $resFixed = cheerio.load('<symbol><use></use></symbol>', { lowerCaseAttributeNames: false });","          var fixedId = graphicId + (options.fixedSizeVersion.suffix || '-fixed-size');","          var $symbolFixed = $resFixed('symbol')","            .first()","            .attr('viewBox', [0, 0, fixedWidth, fixedHeight].join(' '))","            .attr('id', fixedId);","          Object.keys(options.symbol).forEach(function (key) {","            $symbolFixed.attr(key, options.symbol[key]);","          });","          if (desc) {","            $symbolFixed.prepend('<desc>' + desc + '</desc>');","          }","          if (title) {","            $symbolFixed.prepend('<title>' + title + '</title>');","          }","          var originalViewBox = viewBox","            .split(' ')","            .map(function (string) {","              return parseInt(string);","            });","","          var translationX = ((fixedWidth - originalViewBox[2]) / 2) + originalViewBox[0];","          var translationY = ((fixedHeight - originalViewBox[3]) / 2) + originalViewBox[1];","          var scale = Math.max.apply(null, [originalViewBox[2], originalViewBox[3]]) /","            Math.max.apply(null, [fixedWidth, fixedHeight]);","","          $symbolFixed","            .find('use')","            .attr('xlink:href', '#' + fixedId)","            .attr('transform', [","              'scale(' + parseFloat(scale.toFixed(options.fixedSizeVersion.maxDigits.scale || 4)).toPrecision() + ')',","              'translate(' + [","                parseFloat(translationX.toFixed(options.fixedSizeVersion.maxDigits.translation || 4)).toPrecision(),","                parseFloat(translationY.toFixed(options.fixedSizeVersion.maxDigits.translation || 4)).toPrecision()","              ].join(', ') + ')'","            ].join(' '));","","          $resultSvg.append($resFixed.html());","          if (options.includedemo) {","            iconNameViewBoxArray.push({","              name: fixedId","            });","          }","        }","      });","","      if(options.externalDefs) {","        var filepath = options.externalDefs;","","        if (!grunt.file.exists(filepath)) {","          grunt.log.error('File \"' + chalk.red(filepath) + '\" not found.');","          return false;","        }","","        var $file = cheerio.load(grunt.file.read(filepath), {","              xmlMode: true,","              normalizeWhitespace: true","            }),","            defs = $file('defs').html();","","        if (defs === null) {","          grunt.log.warn('File \"' + chalk.yellow(filepath) + '\" contains no defs.');","        } else {","          $resultDefs.append(defs);","        }","      }","","      // Remove defs block if empty","      if ( $resultDefs.html().trim() === '' ) {","        $resultDefs.remove();","      }","","      var result = options.formatting ? beautify($resultDocument.html(), options.formatting) : $resultDocument.html();","      var destName = path.basename(file.dest, '.svg');","","      grunt.file.write(file.dest, result);","","      grunt.log.writeln('File ' + chalk.cyan(file.dest) + ' created.');","","      if (!!options.includedemo) {","        $resultSvg.attr('style', 'width:0;height:0;visibility:hidden;');","","        var demoHTML;","        var viewData = {","          svg : $resultDocument.html(),","          icons : iconNameViewBoxArray","        };","","        if (typeof options.includedemo === 'function'){","          demoHTML = options.includedemo(viewData);","        } else{","          var template = defaultTemplate;","          if (typeof options.includedemo === 'string'){","            template = options.includedemo;","          }","          demoHTML = handlebars.compile(template)(viewData);","        }","","        var demoPath = path.resolve(path.dirname(file.dest), destName + '-demo.html');","        grunt.file.write(demoPath, demoHTML);","        grunt.log.writeln('Demo file ' + chalk.cyan(demoPath) + ' created.');","      }","    });","  });","};",""],"l":{"10":1,"11":0,"12":0,"13":0,"15":0,"16":0,"17":0,"18":0,"21":0,"24":0,"50":0,"51":0,"52":0,"53":0,"55":0,"61":0,"63":0,"80":0,"81":0,"83":0,"84":0,"85":0,"88":0,"89":0,"96":0,"97":0,"100":0,"101":0,"102":0,"103":0,"105":0,"108":0,"109":0,"110":0,"111":0,"117":0,"118":0,"119":0,"120":0,"125":0,"127":1,"128":0,"131":0,"132":0,"133":0,"134":0,"135":0,"140":0,"143":0,"144":0,"145":0,"147":0,"148":0,"149":0,"151":0,"152":0,"153":0,"154":0,"155":0,"159":0,"160":0,"161":0,"162":0,"163":0,"164":0,"169":0,"171":0,"173":0,"175":0,"178":0,"180":0,"181":0,"183":0,"185":0,"188":0,"190":0,"193":0,"196":0,"198":0,"201":0,"209":0,"210":0,"211":0,"212":0,"213":0,"218":0,"219":0,"220":0,"221":0,"222":0,"225":0,"226":0,"229":0,"230":0,"233":0,"234":0,"235":0,"238":0,"241":0,"242":0,"245":0,"246":0,"250":0,"251":0,"254":0,"255":0,"259":0,"261":0,"262":0,"263":0,"264":0,"265":0,"266":0,"270":0,"271":0,"275":0,"276":0,"279":0,"280":0,"281":0,"282":0,"285":0,"286":0,"287":0,"290":0,"293":0,"294":0,"300":0,"301":0,"302":0,"303":0,"304":0,"305":0,"309":0,"310":0,"312":0,"313":0,"315":0,"316":0,"318":0,"321":0,"324":0,"325":0,"326":0,"329":0,"340":0,"341":0,"342":0,"349":0,"350":0,"352":0,"353":0,"354":0,"357":0,"363":0,"364":0,"366":0,"371":0,"372":0,"375":0,"376":0,"378":0,"380":0,"382":0,"383":0,"385":0,"386":0,"391":0,"392":0,"394":0,"395":0,"396":0,"398":0,"401":0,"402":0,"403":0}}}